{"/Users/jonathan/Desktop/cacdi/HIB/web/src/components/atoms/Button/index.js": {"path":"/Users/jonathan/Desktop/cacdi/HIB/web/src/components/atoms/Button/index.js","statementMap":{"0":{"start":{"line":10,"column":26},"end":{"line":71,"column":1}},"1":{"start":{"line":22,"column":1},"end":{"line":47,"column":2}},"2":{"start":{"line":23,"column":2},"end":{"line":46,"column":4}},"3":{"start":{"line":49,"column":1},"end":{"line":70,"column":3}},"4":{"start":{"line":73,"column":15},"end":{"line":106,"column":1}},"5":{"start":{"line":83,"column":1},"end":{"line":105,"column":10}},"6":{"start":{"line":96,"column":3},"end":{"line":98,"column":4}},"7":{"start":{"line":97,"column":4},"end":{"line":97,"column":14}}},"fnMap":{"0":{"name":"(anonymous_0)","decl":{"start":{"line":10,"column":26},"end":{"line":10,"column":27}},"loc":{"start":{"line":21,"column":6},"end":{"line":71,"column":1}},"line":21},"1":{"name":"(anonymous_1)","decl":{"start":{"line":16,"column":11},"end":{"line":16,"column":12}},"loc":{"start":{"line":16,"column":17},"end":{"line":16,"column":19}},"line":16},"2":{"name":"(anonymous_2)","decl":{"start":{"line":73,"column":15},"end":{"line":73,"column":16}},"loc":{"start":{"line":83,"column":1},"end":{"line":105,"column":10}},"line":83},"3":{"name":"(anonymous_3)","decl":{"start":{"line":77,"column":11},"end":{"line":77,"column":12}},"loc":{"start":{"line":77,"column":17},"end":{"line":77,"column":19}},"line":77},"4":{"name":"(anonymous_4)","decl":{"start":{"line":95,"column":11},"end":{"line":95,"column":12}},"loc":{"start":{"line":95,"column":17},"end":{"line":99,"column":3}},"line":95}},"branchMap":{"0":{"loc":{"start":{"line":13,"column":1},"end":{"line":13,"column":18}},"type":"default-arg","locations":[{"start":{"line":13,"column":8},"end":{"line":13,"column":18}}],"line":13},"1":{"loc":{"start":{"line":15,"column":1},"end":{"line":15,"column":19}},"type":"default-arg","locations":[{"start":{"line":15,"column":11},"end":{"line":15,"column":19}}],"line":15},"2":{"loc":{"start":{"line":16,"column":1},"end":{"line":16,"column":19}},"type":"default-arg","locations":[{"start":{"line":16,"column":11},"end":{"line":16,"column":19}}],"line":16},"3":{"loc":{"start":{"line":19,"column":1},"end":{"line":19,"column":18}},"type":"default-arg","locations":[{"start":{"line":19,"column":9},"end":{"line":19,"column":18}}],"line":19},"4":{"loc":{"start":{"line":20,"column":1},"end":{"line":20,"column":17}},"type":"default-arg","locations":[{"start":{"line":20,"column":12},"end":{"line":20,"column":17}}],"line":20},"5":{"loc":{"start":{"line":22,"column":1},"end":{"line":47,"column":2}},"type":"if","locations":[{"start":{"line":22,"column":1},"end":{"line":47,"column":2}},{"start":{"line":22,"column":1},"end":{"line":47,"column":2}}],"line":22},"6":{"loc":{"start":{"line":32,"column":5},"end":{"line":32,"column":40}},"type":"binary-expr","locations":[{"start":{"line":32,"column":5},"end":{"line":32,"column":21}},{"start":{"line":32,"column":25},"end":{"line":32,"column":40}}],"line":32},"7":{"loc":{"start":{"line":33,"column":5},"end":{"line":33,"column":34}},"type":"binary-expr","locations":[{"start":{"line":33,"column":5},"end":{"line":33,"column":18}},{"start":{"line":33,"column":22},"end":{"line":33,"column":34}}],"line":33},"8":{"loc":{"start":{"line":34,"column":5},"end":{"line":34,"column":36}},"type":"binary-expr","locations":[{"start":{"line":34,"column":5},"end":{"line":34,"column":19}},{"start":{"line":34,"column":23},"end":{"line":34,"column":36}}],"line":34},"9":{"loc":{"start":{"line":42,"column":6},"end":{"line":42,"column":46}},"type":"binary-expr","locations":[{"start":{"line":42,"column":6},"end":{"line":42,"column":10}},{"start":{"line":42,"column":14},"end":{"line":42,"column":46}}],"line":42},"10":{"loc":{"start":{"line":58,"column":4},"end":{"line":58,"column":39}},"type":"binary-expr","locations":[{"start":{"line":58,"column":4},"end":{"line":58,"column":20}},{"start":{"line":58,"column":24},"end":{"line":58,"column":39}}],"line":58},"11":{"loc":{"start":{"line":59,"column":4},"end":{"line":59,"column":33}},"type":"binary-expr","locations":[{"start":{"line":59,"column":4},"end":{"line":59,"column":17}},{"start":{"line":59,"column":21},"end":{"line":59,"column":33}}],"line":59},"12":{"loc":{"start":{"line":60,"column":4},"end":{"line":60,"column":35}},"type":"binary-expr","locations":[{"start":{"line":60,"column":4},"end":{"line":60,"column":18}},{"start":{"line":60,"column":22},"end":{"line":60,"column":35}}],"line":60},"13":{"loc":{"start":{"line":66,"column":5},"end":{"line":66,"column":45}},"type":"binary-expr","locations":[{"start":{"line":66,"column":5},"end":{"line":66,"column":9}},{"start":{"line":66,"column":13},"end":{"line":66,"column":45}}],"line":66},"14":{"loc":{"start":{"line":76,"column":1},"end":{"line":76,"column":19}},"type":"default-arg","locations":[{"start":{"line":76,"column":11},"end":{"line":76,"column":19}}],"line":76},"15":{"loc":{"start":{"line":77,"column":1},"end":{"line":77,"column":19}},"type":"default-arg","locations":[{"start":{"line":77,"column":11},"end":{"line":77,"column":19}}],"line":77},"16":{"loc":{"start":{"line":81,"column":1},"end":{"line":81,"column":17}},"type":"default-arg","locations":[{"start":{"line":81,"column":12},"end":{"line":81,"column":17}}],"line":81},"17":{"loc":{"start":{"line":90,"column":3},"end":{"line":90,"column":38}},"type":"binary-expr","locations":[{"start":{"line":90,"column":3},"end":{"line":90,"column":19}},{"start":{"line":90,"column":23},"end":{"line":90,"column":38}}],"line":90},"18":{"loc":{"start":{"line":91,"column":3},"end":{"line":91,"column":32}},"type":"binary-expr","locations":[{"start":{"line":91,"column":3},"end":{"line":91,"column":16}},{"start":{"line":91,"column":20},"end":{"line":91,"column":32}}],"line":91},"19":{"loc":{"start":{"line":92,"column":3},"end":{"line":92,"column":34}},"type":"binary-expr","locations":[{"start":{"line":92,"column":3},"end":{"line":92,"column":17}},{"start":{"line":92,"column":21},"end":{"line":92,"column":34}}],"line":92},"20":{"loc":{"start":{"line":96,"column":3},"end":{"line":98,"column":4}},"type":"if","locations":[{"start":{"line":96,"column":3},"end":{"line":98,"column":4}},{"start":{"line":96,"column":3},"end":{"line":98,"column":4}}],"line":96},"21":{"loc":{"start":{"line":102,"column":4},"end":{"line":102,"column":96}},"type":"binary-expr","locations":[{"start":{"line":102,"column":4},"end":{"line":102,"column":8}},{"start":{"line":102,"column":12},"end":{"line":102,"column":96}}],"line":102}},"s":{"0":1,"1":1,"2":0,"3":1,"4":1,"5":1,"6":0,"7":0},"f":{"0":1,"1":0,"2":1,"3":0,"4":0},"b":{"0":[0],"1":[1],"2":[1],"3":[1],"4":[1],"5":[0,1],"6":[0,0],"7":[0,0],"8":[0,0],"9":[0,0],"10":[1,1],"11":[1,0],"12":[1,1],"13":[1,0],"14":[0],"15":[1],"16":[0],"17":[1,1],"18":[1,1],"19":[1,1],"20":[0,0],"21":[1,0]},"_coverageSchema":"1a1c01bbd47fc00a2c39e90264f33305004495a9","hash":"97fd935630f3dce4fad4fa17d7566cf7ff5704c0"}
,"/Users/jonathan/Desktop/cacdi/HIB/web/src/components/atoms/Dropdown/index.js": {"path":"/Users/jonathan/Desktop/cacdi/HIB/web/src/components/atoms/Dropdown/index.js","statementMap":{"0":{"start":{"line":16,"column":17},"end":{"line":100,"column":1}},"1":{"start":{"line":35,"column":32},"end":{"line":35,"column":81}},"2":{"start":{"line":36,"column":18},"end":{"line":36,"column":89}},"3":{"start":{"line":36,"column":59},"end":{"line":36,"column":88}},"4":{"start":{"line":38,"column":1},"end":{"line":99,"column":3}},"5":{"start":{"line":45,"column":4},"end":{"line":65,"column":10}},"6":{"start":{"line":69,"column":4},"end":{"line":94,"column":5}},"7":{"start":{"line":78,"column":7},"end":{"line":91,"column":13}},"8":{"start":{"line":85,"column":9},"end":{"line":85,"column":31}},"9":{"start":{"line":86,"column":9},"end":{"line":86,"column":22}},"10":{"start":{"line":102,"column":29},"end":{"line":136,"column":1}},"11":{"start":{"line":117,"column":1},"end":{"line":135,"column":7}}},"fnMap":{"0":{"name":"(anonymous_0)","decl":{"start":{"line":16,"column":17},"end":{"line":16,"column":18}},"loc":{"start":{"line":34,"column":6},"end":{"line":100,"column":1}},"line":34},"1":{"name":"(anonymous_1)","decl":{"start":{"line":22,"column":12},"end":{"line":22,"column":13}},"loc":{"start":{"line":22,"column":18},"end":{"line":22,"column":20}},"line":22},"2":{"name":"(anonymous_2)","decl":{"start":{"line":31,"column":10},"end":{"line":31,"column":11}},"loc":{"start":{"line":31,"column":16},"end":{"line":31,"column":18}},"line":31},"3":{"name":"(anonymous_3)","decl":{"start":{"line":32,"column":11},"end":{"line":32,"column":12}},"loc":{"start":{"line":32,"column":17},"end":{"line":32,"column":19}},"line":32},"4":{"name":"(anonymous_4)","decl":{"start":{"line":33,"column":14},"end":{"line":33,"column":15}},"loc":{"start":{"line":33,"column":20},"end":{"line":33,"column":22}},"line":33},"5":{"name":"(anonymous_5)","decl":{"start":{"line":36,"column":51},"end":{"line":36,"column":52}},"loc":{"start":{"line":36,"column":59},"end":{"line":36,"column":88}},"line":36},"6":{"name":"(anonymous_6)","decl":{"start":{"line":44,"column":19},"end":{"line":44,"column":20}},"loc":{"start":{"line":45,"column":4},"end":{"line":65,"column":10}},"line":45},"7":{"name":"(anonymous_7)","decl":{"start":{"line":68,"column":19},"end":{"line":68,"column":20}},"loc":{"start":{"line":69,"column":4},"end":{"line":94,"column":5}},"line":69},"8":{"name":"(anonymous_8)","decl":{"start":{"line":77,"column":19},"end":{"line":77,"column":20}},"loc":{"start":{"line":78,"column":7},"end":{"line":91,"column":13}},"line":78},"9":{"name":"(anonymous_9)","decl":{"start":{"line":84,"column":17},"end":{"line":84,"column":18}},"loc":{"start":{"line":84,"column":23},"end":{"line":87,"column":9}},"line":84},"10":{"name":"(anonymous_10)","decl":{"start":{"line":102,"column":29},"end":{"line":102,"column":30}},"loc":{"start":{"line":117,"column":1},"end":{"line":135,"column":7}},"line":117}},"branchMap":{"0":{"loc":{"start":{"line":20,"column":1},"end":{"line":20,"column":18}},"type":"default-arg","locations":[{"start":{"line":20,"column":16},"end":{"line":20,"column":18}}],"line":20},"1":{"loc":{"start":{"line":22,"column":1},"end":{"line":22,"column":20}},"type":"default-arg","locations":[{"start":{"line":22,"column":12},"end":{"line":22,"column":20}}],"line":22},"2":{"loc":{"start":{"line":24,"column":1},"end":{"line":24,"column":13}},"type":"default-arg","locations":[{"start":{"line":24,"column":11},"end":{"line":24,"column":13}}],"line":24},"3":{"loc":{"start":{"line":25,"column":1},"end":{"line":25,"column":17}},"type":"default-arg","locations":[{"start":{"line":25,"column":12},"end":{"line":25,"column":17}}],"line":25},"4":{"loc":{"start":{"line":26,"column":1},"end":{"line":26,"column":14}},"type":"default-arg","locations":[{"start":{"line":26,"column":9},"end":{"line":26,"column":14}}],"line":26},"5":{"loc":{"start":{"line":27,"column":1},"end":{"line":27,"column":14}},"type":"default-arg","locations":[{"start":{"line":27,"column":9},"end":{"line":27,"column":14}}],"line":27},"6":{"loc":{"start":{"line":28,"column":1},"end":{"line":28,"column":15}},"type":"default-arg","locations":[{"start":{"line":28,"column":13},"end":{"line":28,"column":15}}],"line":28},"7":{"loc":{"start":{"line":31,"column":1},"end":{"line":31,"column":18}},"type":"default-arg","locations":[{"start":{"line":31,"column":10},"end":{"line":31,"column":18}}],"line":31},"8":{"loc":{"start":{"line":32,"column":1},"end":{"line":32,"column":19}},"type":"default-arg","locations":[{"start":{"line":32,"column":11},"end":{"line":32,"column":19}}],"line":32},"9":{"loc":{"start":{"line":33,"column":1},"end":{"line":33,"column":22}},"type":"default-arg","locations":[{"start":{"line":33,"column":14},"end":{"line":33,"column":22}}],"line":33},"10":{"loc":{"start":{"line":36,"column":18},"end":{"line":36,"column":89}},"type":"binary-expr","locations":[{"start":{"line":36,"column":18},"end":{"line":36,"column":34}},{"start":{"line":36,"column":38},"end":{"line":36,"column":89}}],"line":36},"11":{"loc":{"start":{"line":62,"column":7},"end":{"line":62,"column":46}},"type":"cond-expr","locations":[{"start":{"line":62,"column":18},"end":{"line":62,"column":32}},{"start":{"line":62,"column":35},"end":{"line":62,"column":46}}],"line":62},"12":{"loc":{"start":{"line":67,"column":44},"end":{"line":67,"column":70}},"type":"binary-expr","locations":[{"start":{"line":67,"column":44},"end":{"line":67,"column":49}},{"start":{"line":67,"column":53},"end":{"line":67,"column":70}}],"line":67},"13":{"loc":{"start":{"line":69,"column":4},"end":{"line":94,"column":5}},"type":"cond-expr","locations":[{"start":{"line":70,"column":5},"end":{"line":73,"column":11}},{"start":{"line":75,"column":5},"end":{"line":93,"column":8}}],"line":69},"14":{"loc":{"start":{"line":76,"column":7},"end":{"line":76,"column":76}},"type":"binary-expr","locations":[{"start":{"line":76,"column":7},"end":{"line":76,"column":26}},{"start":{"line":76,"column":30},"end":{"line":76,"column":76}}],"line":76},"15":{"loc":{"start":{"line":81,"column":30},"end":{"line":81,"column":81}},"type":"binary-expr","locations":[{"start":{"line":81,"column":30},"end":{"line":81,"column":46}},{"start":{"line":81,"column":50},"end":{"line":81,"column":81}}],"line":81},"16":{"loc":{"start":{"line":90,"column":9},"end":{"line":90,"column":71}},"type":"cond-expr","locations":[{"start":{"line":90,"column":31},"end":{"line":90,"column":56}},{"start":{"line":90,"column":59},"end":{"line":90,"column":71}}],"line":90},"17":{"loc":{"start":{"line":90,"column":31},"end":{"line":90,"column":56}},"type":"binary-expr","locations":[{"start":{"line":90,"column":31},"end":{"line":90,"column":40}},{"start":{"line":90,"column":44},"end":{"line":90,"column":56}}],"line":90},"18":{"loc":{"start":{"line":107,"column":1},"end":{"line":107,"column":11}},"type":"default-arg","locations":[{"start":{"line":107,"column":9},"end":{"line":107,"column":11}}],"line":107},"19":{"loc":{"start":{"line":108,"column":1},"end":{"line":108,"column":17}},"type":"default-arg","locations":[{"start":{"line":108,"column":12},"end":{"line":108,"column":17}}],"line":108},"20":{"loc":{"start":{"line":109,"column":1},"end":{"line":109,"column":17}},"type":"default-arg","locations":[{"start":{"line":109,"column":12},"end":{"line":109,"column":17}}],"line":109},"21":{"loc":{"start":{"line":115,"column":1},"end":{"line":115,"column":14}},"type":"default-arg","locations":[{"start":{"line":115,"column":9},"end":{"line":115,"column":14}}],"line":115},"22":{"loc":{"start":{"line":120,"column":4},"end":{"line":120,"column":57}},"type":"binary-expr","locations":[{"start":{"line":120,"column":4},"end":{"line":120,"column":12}},{"start":{"line":120,"column":16},"end":{"line":120,"column":57}}],"line":120},"23":{"loc":{"start":{"line":132,"column":3},"end":{"line":134,"column":3}},"type":"binary-expr","locations":[{"start":{"line":132,"column":3},"end":{"line":132,"column":18}},{"start":{"line":133,"column":3},"end":{"line":133,"column":88}}],"line":132}},"s":{"0":1,"1":4,"2":4,"3":3,"4":4,"5":4,"6":0,"7":0,"8":0,"9":0,"10":1,"11":2},"f":{"0":4,"1":0,"2":0,"3":0,"4":0,"5":3,"6":4,"7":0,"8":0,"9":0,"10":2},"b":{"0":[0],"1":[1],"2":[0],"3":[0],"4":[1],"5":[4],"6":[4],"7":[4],"8":[4],"9":[4],"10":[4,3],"11":[3,1],"12":[4,0],"13":[0,0],"14":[0,0],"15":[0,0],"16":[0,0],"17":[0,0],"18":[0],"19":[0],"20":[0],"21":[2],"22":[2,2],"23":[2,1]},"_coverageSchema":"1a1c01bbd47fc00a2c39e90264f33305004495a9","hash":"78b578c0f47356c8132d29fbb452f8c16a73c7e9"}
,"/Users/jonathan/Desktop/cacdi/HIB/web/src/components/atoms/DropdownBasic/index.js": {"path":"/Users/jonathan/Desktop/cacdi/HIB/web/src/components/atoms/DropdownBasic/index.js","statementMap":{"0":{"start":{"line":10,"column":31},"end":{"line":20,"column":1}},"1":{"start":{"line":11,"column":1},"end":{"line":13,"column":2}},"2":{"start":{"line":12,"column":2},"end":{"line":12,"column":15}},"3":{"start":{"line":15,"column":1},"end":{"line":17,"column":2}},"4":{"start":{"line":16,"column":2},"end":{"line":16,"column":14}},"5":{"start":{"line":19,"column":1},"end":{"line":19,"column":65}},"6":{"start":{"line":22,"column":22},"end":{"line":125,"column":1}},"7":{"start":{"line":35,"column":18},"end":{"line":35,"column":30}},"8":{"start":{"line":36,"column":18},"end":{"line":36,"column":30}},"9":{"start":{"line":37,"column":85},"end":{"line":41,"column":3}},"10":{"start":{"line":43,"column":1},"end":{"line":48,"column":32}},"11":{"start":{"line":44,"column":2},"end":{"line":47,"column":3}},"12":{"start":{"line":46,"column":3},"end":{"line":46,"column":28}},"13":{"start":{"line":50,"column":16},"end":{"line":76,"column":2}},"14":{"start":{"line":53,"column":2},"end":{"line":67,"column":3}},"15":{"start":{"line":54,"column":3},"end":{"line":64,"column":10}},"16":{"start":{"line":55,"column":30},"end":{"line":55,"column":52}},"17":{"start":{"line":57,"column":4},"end":{"line":63,"column":5}},"18":{"start":{"line":62,"column":5},"end":{"line":62,"column":18}},"19":{"start":{"line":66,"column":3},"end":{"line":66,"column":10}},"20":{"start":{"line":69,"column":2},"end":{"line":75,"column":3}},"21":{"start":{"line":74,"column":3},"end":{"line":74,"column":16}},"22":{"start":{"line":78,"column":20},"end":{"line":82,"column":2}},"23":{"start":{"line":79,"column":2},"end":{"line":81,"column":3}},"24":{"start":{"line":80,"column":3},"end":{"line":80,"column":28}},"25":{"start":{"line":84,"column":21},"end":{"line":89,"column":3}},"26":{"start":{"line":91,"column":1},"end":{"line":124,"column":3}},"27":{"start":{"line":97,"column":5},"end":{"line":99,"column":6}},"28":{"start":{"line":98,"column":6},"end":{"line":98,"column":20}},"29":{"start":{"line":109,"column":5},"end":{"line":121,"column":6}}},"fnMap":{"0":{"name":"(anonymous_0)","decl":{"start":{"line":10,"column":31},"end":{"line":10,"column":32}},"loc":{"start":{"line":10,"column":65},"end":{"line":20,"column":1}},"line":10},"1":{"name":"(anonymous_1)","decl":{"start":{"line":22,"column":22},"end":{"line":22,"column":23}},"loc":{"start":{"line":34,"column":6},"end":{"line":125,"column":1}},"line":34},"2":{"name":"(anonymous_2)","decl":{"start":{"line":43,"column":11},"end":{"line":43,"column":12}},"loc":{"start":{"line":43,"column":17},"end":{"line":48,"column":2}},"line":43},"3":{"name":"(anonymous_3)","decl":{"start":{"line":50,"column":16},"end":{"line":50,"column":17}},"loc":{"start":{"line":50,"column":39},"end":{"line":76,"column":2}},"line":50},"4":{"name":"(anonymous_4)","decl":{"start":{"line":54,"column":14},"end":{"line":54,"column":15}},"loc":{"start":{"line":54,"column":20},"end":{"line":64,"column":4}},"line":54},"5":{"name":"(anonymous_5)","decl":{"start":{"line":78,"column":20},"end":{"line":78,"column":21}},"loc":{"start":{"line":78,"column":26},"end":{"line":82,"column":2}},"line":78},"6":{"name":"(anonymous_6)","decl":{"start":{"line":96,"column":13},"end":{"line":96,"column":14}},"loc":{"start":{"line":96,"column":19},"end":{"line":100,"column":5}},"line":96},"7":{"name":"(anonymous_7)","decl":{"start":{"line":101,"column":16},"end":{"line":101,"column":17}},"loc":{"start":{"line":101,"column":22},"end":{"line":101,"column":24}},"line":101},"8":{"name":"(anonymous_8)","decl":{"start":{"line":108,"column":4},"end":{"line":108,"column":5}},"loc":{"start":{"line":109,"column":5},"end":{"line":121,"column":6}},"line":109}},"branchMap":{"0":{"loc":{"start":{"line":11,"column":1},"end":{"line":13,"column":2}},"type":"if","locations":[{"start":{"line":11,"column":1},"end":{"line":13,"column":2}},{"start":{"line":11,"column":1},"end":{"line":13,"column":2}}],"line":11},"1":{"loc":{"start":{"line":15,"column":1},"end":{"line":17,"column":2}},"type":"if","locations":[{"start":{"line":15,"column":1},"end":{"line":17,"column":2}},{"start":{"line":15,"column":1},"end":{"line":17,"column":2}}],"line":15},"2":{"loc":{"start":{"line":28,"column":1},"end":{"line":28,"column":17}},"type":"default-arg","locations":[{"start":{"line":28,"column":12},"end":{"line":28,"column":17}}],"line":28},"3":{"loc":{"start":{"line":29,"column":1},"end":{"line":29,"column":29}},"type":"default-arg","locations":[{"start":{"line":29,"column":24},"end":{"line":29,"column":29}}],"line":29},"4":{"loc":{"start":{"line":30,"column":1},"end":{"line":30,"column":31}},"type":"default-arg","locations":[{"start":{"line":30,"column":26},"end":{"line":30,"column":31}}],"line":30},"5":{"loc":{"start":{"line":31,"column":1},"end":{"line":31,"column":17}},"type":"default-arg","locations":[{"start":{"line":31,"column":12},"end":{"line":31,"column":17}}],"line":31},"6":{"loc":{"start":{"line":44,"column":2},"end":{"line":47,"column":3}},"type":"if","locations":[{"start":{"line":44,"column":2},"end":{"line":47,"column":3}},{"start":{"line":44,"column":2},"end":{"line":47,"column":3}}],"line":44},"7":{"loc":{"start":{"line":44,"column":6},"end":{"line":44,"column":59}},"type":"binary-expr","locations":[{"start":{"line":44,"column":6},"end":{"line":44,"column":22}},{"start":{"line":44,"column":26},"end":{"line":44,"column":32}},{"start":{"line":44,"column":36},"end":{"line":44,"column":59}}],"line":44},"8":{"loc":{"start":{"line":53,"column":2},"end":{"line":67,"column":3}},"type":"if","locations":[{"start":{"line":53,"column":2},"end":{"line":67,"column":3}},{"start":{"line":53,"column":2},"end":{"line":67,"column":3}}],"line":53},"9":{"loc":{"start":{"line":57,"column":4},"end":{"line":63,"column":5}},"type":"if","locations":[{"start":{"line":57,"column":4},"end":{"line":63,"column":5}},{"start":{"line":57,"column":4},"end":{"line":63,"column":5}}],"line":57},"10":{"loc":{"start":{"line":58,"column":5},"end":{"line":60,"column":58}},"type":"binary-expr","locations":[{"start":{"line":58,"column":5},"end":{"line":58,"column":14}},{"start":{"line":59,"column":5},"end":{"line":59,"column":58}},{"start":{"line":60,"column":5},"end":{"line":60,"column":58}}],"line":58},"11":{"loc":{"start":{"line":69,"column":2},"end":{"line":75,"column":3}},"type":"if","locations":[{"start":{"line":69,"column":2},"end":{"line":75,"column":3}},{"start":{"line":69,"column":2},"end":{"line":75,"column":3}}],"line":69},"12":{"loc":{"start":{"line":70,"column":3},"end":{"line":72,"column":52}},"type":"binary-expr","locations":[{"start":{"line":70,"column":3},"end":{"line":70,"column":12}},{"start":{"line":71,"column":3},"end":{"line":71,"column":52}},{"start":{"line":72,"column":3},"end":{"line":72,"column":52}}],"line":70},"13":{"loc":{"start":{"line":79,"column":2},"end":{"line":81,"column":3}},"type":"if","locations":[{"start":{"line":79,"column":2},"end":{"line":81,"column":3}},{"start":{"line":79,"column":2},"end":{"line":81,"column":3}}],"line":79},"14":{"loc":{"start":{"line":97,"column":5},"end":{"line":99,"column":6}},"type":"if","locations":[{"start":{"line":97,"column":5},"end":{"line":99,"column":6}},{"start":{"line":97,"column":5},"end":{"line":99,"column":6}}],"line":97},"15":{"loc":{"start":{"line":97,"column":9},"end":{"line":97,"column":43}},"type":"binary-expr","locations":[{"start":{"line":97,"column":9},"end":{"line":97,"column":30}},{"start":{"line":97,"column":34},"end":{"line":97,"column":43}}],"line":97},"16":{"loc":{"start":{"line":109,"column":5},"end":{"line":121,"column":6}},"type":"binary-expr","locations":[{"start":{"line":109,"column":5},"end":{"line":109,"column":9}},{"start":{"line":110,"column":6},"end":{"line":120,"column":21}}],"line":109}},"s":{"0":2,"1":0,"2":0,"3":0,"4":0,"5":0,"6":2,"7":5,"8":5,"9":5,"10":5,"11":5,"12":0,"13":5,"14":0,"15":0,"16":0,"17":0,"18":0,"19":0,"20":0,"21":0,"22":5,"23":0,"24":0,"25":5,"26":5,"27":0,"28":0,"29":5},"f":{"0":0,"1":5,"2":5,"3":0,"4":0,"5":0,"6":0,"7":0,"8":5},"b":{"0":[0,0],"1":[0,0],"2":[5],"3":[5],"4":[5],"5":[1],"6":[0,5],"7":[5,0,0],"8":[0,0],"9":[0,0],"10":[0,0,0],"11":[0,0],"12":[0,0,0],"13":[0,0],"14":[0,0],"15":[0,0],"16":[5,0]},"_coverageSchema":"1a1c01bbd47fc00a2c39e90264f33305004495a9","hash":"debebb378d0737146bd95ed27b890b8c0047d1f4"}
,"/Users/jonathan/Desktop/cacdi/HIB/web/src/components/atoms/Link/index.js": {"path":"/Users/jonathan/Desktop/cacdi/HIB/web/src/components/atoms/Link/index.js","statementMap":{"0":{"start":{"line":6,"column":23},"end":{"line":12,"column":1}},"1":{"start":{"line":7,"column":1},"end":{"line":11,"column":3}},"2":{"start":{"line":8,"column":2},"end":{"line":8,"column":21}},"3":{"start":{"line":9,"column":2},"end":{"line":9,"column":41}},"4":{"start":{"line":10,"column":2},"end":{"line":10,"column":14}},"5":{"start":{"line":14,"column":13},"end":{"line":30,"column":1}},"6":{"start":{"line":15,"column":17},"end":{"line":15,"column":29}},"7":{"start":{"line":17,"column":1},"end":{"line":29,"column":3}}},"fnMap":{"0":{"name":"(anonymous_0)","decl":{"start":{"line":6,"column":23},"end":{"line":6,"column":24}},"loc":{"start":{"line":6,"column":46},"end":{"line":12,"column":1}},"line":6},"1":{"name":"(anonymous_1)","decl":{"start":{"line":7,"column":8},"end":{"line":7,"column":9}},"loc":{"start":{"line":7,"column":13},"end":{"line":11,"column":2}},"line":7},"2":{"name":"(anonymous_2)","decl":{"start":{"line":14,"column":13},"end":{"line":14,"column":14}},"loc":{"start":{"line":14,"column":86},"end":{"line":30,"column":1}},"line":14},"3":{"name":"(anonymous_3)","decl":{"start":{"line":14,"column":41},"end":{"line":14,"column":42}},"loc":{"start":{"line":14,"column":47},"end":{"line":14,"column":49}},"line":14},"4":{"name":"(anonymous_4)","decl":{"start":{"line":24,"column":25},"end":{"line":24,"column":26}},"loc":{"start":{"line":24,"column":31},"end":{"line":24,"column":33}},"line":24},"5":{"name":"(anonymous_5)","decl":{"start":{"line":25,"column":15},"end":{"line":25,"column":16}},"loc":{"start":{"line":25,"column":21},"end":{"line":25,"column":23}},"line":25}},"branchMap":{"0":{"loc":{"start":{"line":14,"column":31},"end":{"line":14,"column":49}},"type":"default-arg","locations":[{"start":{"line":14,"column":41},"end":{"line":14,"column":49}}],"line":14},"1":{"loc":{"start":{"line":14,"column":61},"end":{"line":14,"column":79}},"type":"default-arg","locations":[{"start":{"line":14,"column":74},"end":{"line":14,"column":79}}],"line":14},"2":{"loc":{"start":{"line":23,"column":11},"end":{"line":23,"column":42}},"type":"cond-expr","locations":[{"start":{"line":23,"column":24},"end":{"line":23,"column":32}},{"start":{"line":23,"column":35},"end":{"line":23,"column":42}}],"line":23},"3":{"loc":{"start":{"line":24,"column":12},"end":{"line":24,"column":68}},"type":"cond-expr","locations":[{"start":{"line":24,"column":25},"end":{"line":24,"column":33}},{"start":{"line":24,"column":36},"end":{"line":24,"column":68}}],"line":24}},"s":{"0":1,"1":1,"2":0,"3":0,"4":0,"5":1,"6":1,"7":1},"f":{"0":1,"1":0,"2":1,"3":0,"4":0,"5":0},"b":{"0":[0],"1":[1],"2":[0,1],"3":[0,1]},"_coverageSchema":"1a1c01bbd47fc00a2c39e90264f33305004495a9","hash":"1f88cf8b162a56b2f9d6f2370e1fedbb4c0e0caf"}
,"/Users/jonathan/Desktop/cacdi/HIB/web/src/components/atoms/List/index.js": {"path":"/Users/jonathan/Desktop/cacdi/HIB/web/src/components/atoms/List/index.js","statementMap":{"0":{"start":{"line":3,"column":13},"end":{"line":11,"column":1}},"1":{"start":{"line":4,"column":1},"end":{"line":10,"column":6}},"2":{"start":{"line":6,"column":3},"end":{"line":8,"column":8}}},"fnMap":{"0":{"name":"(anonymous_0)","decl":{"start":{"line":3,"column":13},"end":{"line":3,"column":14}},"loc":{"start":{"line":4,"column":1},"end":{"line":10,"column":6}},"line":4},"1":{"name":"(anonymous_1)","decl":{"start":{"line":5,"column":13},"end":{"line":5,"column":14}},"loc":{"start":{"line":6,"column":3},"end":{"line":8,"column":8}},"line":6}},"branchMap":{},"s":{"0":2,"1":2,"2":4},"f":{"0":2,"1":4},"b":{},"_coverageSchema":"1a1c01bbd47fc00a2c39e90264f33305004495a9","hash":"6d04662f7d2e38cfe1e1f01e89ed318096fcb088"}
,"/Users/jonathan/Desktop/cacdi/HIB/web/src/components/atoms/Tab/index.js": {"path":"/Users/jonathan/Desktop/cacdi/HIB/web/src/components/atoms/Tab/index.js","statementMap":{"0":{"start":{"line":8,"column":12},"end":{"line":57,"column":1}},"1":{"start":{"line":9,"column":17},"end":{"line":9,"column":32}},"2":{"start":{"line":10,"column":20},"end":{"line":10,"column":28}},"3":{"start":{"line":11,"column":16},"end":{"line":11,"column":24}},"4":{"start":{"line":12,"column":39},"end":{"line":12,"column":50}},"5":{"start":{"line":13,"column":29},"end":{"line":13,"column":57}},"6":{"start":{"line":15,"column":1},"end":{"line":19,"column":13}},"7":{"start":{"line":16,"column":2},"end":{"line":18,"column":3}},"8":{"start":{"line":17,"column":3},"end":{"line":17,"column":64}},"9":{"start":{"line":21,"column":1},"end":{"line":28,"column":23}},"10":{"start":{"line":22,"column":2},"end":{"line":27,"column":3}},"11":{"start":{"line":23,"column":3},"end":{"line":26,"column":6}},"12":{"start":{"line":30,"column":1},"end":{"line":56,"column":3}},"13":{"start":{"line":38,"column":5},"end":{"line":48,"column":10}},"14":{"start":{"line":42,"column":21},"end":{"line":42,"column":37}}},"fnMap":{"0":{"name":"(anonymous_0)","decl":{"start":{"line":8,"column":12},"end":{"line":8,"column":13}},"loc":{"start":{"line":8,"column":91},"end":{"line":57,"column":1}},"line":8},"1":{"name":"(anonymous_1)","decl":{"start":{"line":8,"column":76},"end":{"line":8,"column":77}},"loc":{"start":{"line":8,"column":82},"end":{"line":8,"column":84}},"line":8},"2":{"name":"(anonymous_2)","decl":{"start":{"line":15,"column":11},"end":{"line":15,"column":12}},"loc":{"start":{"line":15,"column":17},"end":{"line":19,"column":2}},"line":15},"3":{"name":"(anonymous_3)","decl":{"start":{"line":21,"column":11},"end":{"line":21,"column":12}},"loc":{"start":{"line":21,"column":17},"end":{"line":28,"column":2}},"line":21},"4":{"name":"(anonymous_4)","decl":{"start":{"line":37,"column":14},"end":{"line":37,"column":15}},"loc":{"start":{"line":38,"column":5},"end":{"line":48,"column":10}},"line":38},"5":{"name":"(anonymous_5)","decl":{"start":{"line":42,"column":15},"end":{"line":42,"column":16}},"loc":{"start":{"line":42,"column":21},"end":{"line":42,"column":37}},"line":42},"6":{"name":"(anonymous_6)","decl":{"start":{"line":45,"column":18},"end":{"line":45,"column":19}},"loc":{"start":{"line":45,"column":24},"end":{"line":45,"column":26}},"line":45}},"branchMap":{"0":{"loc":{"start":{"line":8,"column":26},"end":{"line":8,"column":35}},"type":"default-arg","locations":[{"start":{"line":8,"column":33},"end":{"line":8,"column":35}}],"line":8},"1":{"loc":{"start":{"line":8,"column":37},"end":{"line":8,"column":49}},"type":"default-arg","locations":[{"start":{"line":8,"column":48},"end":{"line":8,"column":49}}],"line":8},"2":{"loc":{"start":{"line":8,"column":62},"end":{"line":8,"column":84}},"type":"default-arg","locations":[{"start":{"line":8,"column":76},"end":{"line":8,"column":84}}],"line":8},"3":{"loc":{"start":{"line":16,"column":2},"end":{"line":18,"column":3}},"type":"if","locations":[{"start":{"line":16,"column":2},"end":{"line":18,"column":3}},{"start":{"line":16,"column":2},"end":{"line":18,"column":3}}],"line":16},"4":{"loc":{"start":{"line":22,"column":2},"end":{"line":27,"column":3}},"type":"if","locations":[{"start":{"line":22,"column":2},"end":{"line":27,"column":3}},{"start":{"line":22,"column":2},"end":{"line":27,"column":3}}],"line":22},"5":{"loc":{"start":{"line":34,"column":5},"end":{"line":34,"column":91}},"type":"cond-expr","locations":[{"start":{"line":34,"column":26},"end":{"line":34,"column":72}},{"start":{"line":34,"column":75},"end":{"line":34,"column":91}}],"line":34},"6":{"loc":{"start":{"line":44,"column":11},"end":{"line":44,"column":43}},"type":"cond-expr","locations":[{"start":{"line":44,"column":30},"end":{"line":44,"column":36}},{"start":{"line":44,"column":39},"end":{"line":44,"column":43}}],"line":44}},"s":{"0":1,"1":3,"2":3,"3":3,"4":3,"5":3,"6":3,"7":2,"8":2,"9":3,"10":2,"11":2,"12":3,"13":6,"14":0},"f":{"0":3,"1":0,"2":2,"3":2,"4":6,"5":0,"6":0},"b":{"0":[0],"1":[3],"2":[0],"3":[2,0],"4":[2,0],"5":[0,3],"6":[3,3]},"_coverageSchema":"1a1c01bbd47fc00a2c39e90264f33305004495a9","hash":"2898748912caa843a5e2d7101d9b76ad7b9f42f7"}
,"/Users/jonathan/Desktop/cacdi/HIB/web/src/components/molecules/Pagination/index.js": {"path":"/Users/jonathan/Desktop/cacdi/HIB/web/src/components/molecules/Pagination/index.js","statementMap":{"0":{"start":{"line":10,"column":19},"end":{"line":75,"column":1}},"1":{"start":{"line":11,"column":17},"end":{"line":11,"column":19}},"2":{"start":{"line":12,"column":1},"end":{"line":14,"column":2}},"3":{"start":{"line":12,"column":14},"end":{"line":12,"column":15}},"4":{"start":{"line":13,"column":2},"end":{"line":13,"column":18}},"5":{"start":{"line":16,"column":1},"end":{"line":52,"column":2}},"6":{"start":{"line":17,"column":2},"end":{"line":51,"column":4}},"7":{"start":{"line":19,"column":29},"end":{"line":19,"column":79}},"8":{"start":{"line":21,"column":5},"end":{"line":47,"column":11}},"9":{"start":{"line":32,"column":22},"end":{"line":32,"column":32}},"10":{"start":{"line":49,"column":25},"end":{"line":49,"column":92}},"11":{"start":{"line":54,"column":1},"end":{"line":74,"column":3}},"12":{"start":{"line":56,"column":28},"end":{"line":56,"column":78}},"13":{"start":{"line":58,"column":4},"end":{"line":70,"column":10}},"14":{"start":{"line":64,"column":20},"end":{"line":64,"column":30}},"15":{"start":{"line":72,"column":24},"end":{"line":72,"column":91}}},"fnMap":{"0":{"name":"(anonymous_0)","decl":{"start":{"line":10,"column":19},"end":{"line":10,"column":20}},"loc":{"start":{"line":10,"column":85},"end":{"line":75,"column":1}},"line":10},"1":{"name":"(anonymous_1)","decl":{"start":{"line":10,"column":70},"end":{"line":10,"column":71}},"loc":{"start":{"line":10,"column":76},"end":{"line":10,"column":78}},"line":10},"2":{"name":"(anonymous_2)","decl":{"start":{"line":19,"column":23},"end":{"line":19,"column":24}},"loc":{"start":{"line":19,"column":29},"end":{"line":19,"column":79}},"line":19},"3":{"name":"(anonymous_3)","decl":{"start":{"line":20,"column":17},"end":{"line":20,"column":18}},"loc":{"start":{"line":21,"column":5},"end":{"line":47,"column":11}},"line":21},"4":{"name":"(anonymous_4)","decl":{"start":{"line":32,"column":16},"end":{"line":32,"column":17}},"loc":{"start":{"line":32,"column":22},"end":{"line":32,"column":32}},"line":32},"5":{"name":"(anonymous_5)","decl":{"start":{"line":33,"column":19},"end":{"line":33,"column":20}},"loc":{"start":{"line":33,"column":25},"end":{"line":33,"column":27}},"line":33},"6":{"name":"(anonymous_6)","decl":{"start":{"line":49,"column":19},"end":{"line":49,"column":20}},"loc":{"start":{"line":49,"column":25},"end":{"line":49,"column":92}},"line":49},"7":{"name":"(anonymous_7)","decl":{"start":{"line":56,"column":22},"end":{"line":56,"column":23}},"loc":{"start":{"line":56,"column":28},"end":{"line":56,"column":78}},"line":56},"8":{"name":"(anonymous_8)","decl":{"start":{"line":57,"column":16},"end":{"line":57,"column":17}},"loc":{"start":{"line":58,"column":4},"end":{"line":70,"column":10}},"line":58},"9":{"name":"(anonymous_9)","decl":{"start":{"line":64,"column":14},"end":{"line":64,"column":15}},"loc":{"start":{"line":64,"column":20},"end":{"line":64,"column":30}},"line":64},"10":{"name":"(anonymous_10)","decl":{"start":{"line":65,"column":17},"end":{"line":65,"column":18}},"loc":{"start":{"line":65,"column":23},"end":{"line":65,"column":25}},"line":65},"11":{"name":"(anonymous_11)","decl":{"start":{"line":72,"column":18},"end":{"line":72,"column":19}},"loc":{"start":{"line":72,"column":24},"end":{"line":72,"column":91}},"line":72}},"branchMap":{"0":{"loc":{"start":{"line":10,"column":33},"end":{"line":10,"column":47}},"type":"default-arg","locations":[{"start":{"line":10,"column":46},"end":{"line":10,"column":47}}],"line":10},"1":{"loc":{"start":{"line":10,"column":49},"end":{"line":10,"column":58}},"type":"default-arg","locations":[{"start":{"line":10,"column":57},"end":{"line":10,"column":58}}],"line":10},"2":{"loc":{"start":{"line":10,"column":60},"end":{"line":10,"column":78}},"type":"default-arg","locations":[{"start":{"line":10,"column":70},"end":{"line":10,"column":78}}],"line":10},"3":{"loc":{"start":{"line":16,"column":1},"end":{"line":52,"column":2}},"type":"if","locations":[{"start":{"line":16,"column":1},"end":{"line":52,"column":2}},{"start":{"line":16,"column":1},"end":{"line":52,"column":2}}],"line":16},"4":{"loc":{"start":{"line":19,"column":29},"end":{"line":19,"column":79}},"type":"binary-expr","locations":[{"start":{"line":19,"column":29},"end":{"line":19,"column":52}},{"start":{"line":19,"column":56},"end":{"line":19,"column":79}}],"line":19},"5":{"loc":{"start":{"line":26,"column":9},"end":{"line":30,"column":35}},"type":"binary-expr","locations":[{"start":{"line":26,"column":9},"end":{"line":26,"column":18}},{"start":{"line":27,"column":9},"end":{"line":27,"column":48}},{"start":{"line":28,"column":9},"end":{"line":28,"column":44}},{"start":{"line":29,"column":9},"end":{"line":29,"column":48}},{"start":{"line":30,"column":9},"end":{"line":30,"column":35}}],"line":26},"6":{"loc":{"start":{"line":39,"column":7},"end":{"line":42,"column":52}},"type":"binary-expr","locations":[{"start":{"line":39,"column":7},"end":{"line":39,"column":40}},{"start":{"line":40,"column":7},"end":{"line":40,"column":40}},{"start":{"line":41,"column":7},"end":{"line":41,"column":40}},{"start":{"line":42,"column":7},"end":{"line":42,"column":16}},{"start":{"line":42,"column":20},"end":{"line":42,"column":52}}],"line":39},"7":{"loc":{"start":{"line":43,"column":7},"end":{"line":46,"column":69}},"type":"binary-expr","locations":[{"start":{"line":43,"column":7},"end":{"line":43,"column":57}},{"start":{"line":44,"column":7},"end":{"line":44,"column":57}},{"start":{"line":45,"column":7},"end":{"line":45,"column":57}},{"start":{"line":46,"column":7},"end":{"line":46,"column":33}},{"start":{"line":46,"column":37},"end":{"line":46,"column":69}}],"line":43},"8":{"loc":{"start":{"line":49,"column":25},"end":{"line":49,"column":92}},"type":"binary-expr","locations":[{"start":{"line":49,"column":25},"end":{"line":49,"column":65}},{"start":{"line":49,"column":69},"end":{"line":49,"column":92}}],"line":49},"9":{"loc":{"start":{"line":56,"column":28},"end":{"line":56,"column":78}},"type":"binary-expr","locations":[{"start":{"line":56,"column":28},"end":{"line":56,"column":51}},{"start":{"line":56,"column":55},"end":{"line":56,"column":78}}],"line":56},"10":{"loc":{"start":{"line":72,"column":24},"end":{"line":72,"column":91}},"type":"binary-expr","locations":[{"start":{"line":72,"column":24},"end":{"line":72,"column":64}},{"start":{"line":72,"column":68},"end":{"line":72,"column":91}}],"line":72}},"s":{"0":1,"1":1,"2":1,"3":1,"4":5,"5":1,"6":0,"7":0,"8":0,"9":0,"10":0,"11":1,"12":0,"13":5,"14":0,"15":0},"f":{"0":1,"1":0,"2":0,"3":0,"4":0,"5":0,"6":0,"7":0,"8":5,"9":0,"10":0,"11":0},"b":{"0":[0],"1":[0],"2":[1],"3":[0,1],"4":[0,0],"5":[0,0,0,0,0],"6":[0,0,0,0,0],"7":[0,0,0,0,0],"8":[0,0],"9":[0,0],"10":[0,0]},"_coverageSchema":"1a1c01bbd47fc00a2c39e90264f33305004495a9","hash":"0be884400a12284749ba10a54a3dc3efc70f0e5a"}
,"/Users/jonathan/Desktop/cacdi/HIB/web/src/models/blog.js": {"path":"/Users/jonathan/Desktop/cacdi/HIB/web/src/models/blog.js","statementMap":{"0":{"start":{"line":4,"column":24},"end":{"line":18,"column":2}},"1":{"start":{"line":5,"column":14},"end":{"line":5,"column":28}},"2":{"start":{"line":7,"column":1},"end":{"line":7,"column":26}},"3":{"start":{"line":9,"column":1},"end":{"line":17,"column":2}},"4":{"start":{"line":10,"column":16},"end":{"line":13,"column":4}},"5":{"start":{"line":14,"column":2},"end":{"line":14,"column":22}},"6":{"start":{"line":16,"column":2},"end":{"line":16,"column":22}},"7":{"start":{"line":20,"column":26},"end":{"line":20,"column":53}},"8":{"start":{"line":22,"column":16},"end":{"line":46,"column":1}},"9":{"start":{"line":25,"column":32},"end":{"line":28,"column":4}},"10":{"start":{"line":30,"column":44},"end":{"line":34,"column":4}},"11":{"start":{"line":36,"column":26},"end":{"line":39,"column":4}},"12":{"start":{"line":48,"column":24},"end":{"line":50,"column":2}},"13":{"start":{"line":48,"column":34},"end":{"line":50,"column":1}},"14":{"start":{"line":52,"column":23},"end":{"line":52,"column":80}},"15":{"start":{"line":52,"column":29},"end":{"line":52,"column":80}}},"fnMap":{"0":{"name":"(anonymous_0)","decl":{"start":{"line":4,"column":50},"end":{"line":4,"column":51}},"loc":{"start":{"line":4,"column":62},"end":{"line":18,"column":1}},"line":4},"1":{"name":"(anonymous_1)","decl":{"start":{"line":25,"column":22},"end":{"line":25,"column":23}},"loc":{"start":{"line":25,"column":32},"end":{"line":28,"column":4}},"line":25},"2":{"name":"(anonymous_2)","decl":{"start":{"line":30,"column":24},"end":{"line":30,"column":25}},"loc":{"start":{"line":30,"column":44},"end":{"line":34,"column":4}},"line":30},"3":{"name":"(anonymous_3)","decl":{"start":{"line":36,"column":16},"end":{"line":36,"column":17}},"loc":{"start":{"line":36,"column":26},"end":{"line":39,"column":4}},"line":36},"4":{"name":"(anonymous_4)","decl":{"start":{"line":48,"column":24},"end":{"line":48,"column":25}},"loc":{"start":{"line":48,"column":34},"end":{"line":50,"column":1}},"line":48},"5":{"name":"(anonymous_5)","decl":{"start":{"line":52,"column":23},"end":{"line":52,"column":24}},"loc":{"start":{"line":52,"column":29},"end":{"line":52,"column":80}},"line":52}},"branchMap":{},"s":{"0":1,"1":2,"2":2,"3":2,"4":2,"5":1,"6":1,"7":1,"8":1,"9":1,"10":1,"11":1,"12":1,"13":0,"14":1,"15":0},"f":{"0":2,"1":1,"2":1,"3":1,"4":0,"5":0},"b":{},"_coverageSchema":"1a1c01bbd47fc00a2c39e90264f33305004495a9","hash":"3c4e9177ed130a55b6c83bf39e19931b5d1f9694"}
,"/Users/jonathan/Desktop/cacdi/HIB/web/src/models/routing.js": {"path":"/Users/jonathan/Desktop/cacdi/HIB/web/src/models/routing.js","statementMap":{"0":{"start":{"line":9,"column":27},"end":{"line":9,"column":86}},"1":{"start":{"line":9,"column":77},"end":{"line":9,"column":85}},"2":{"start":{"line":11,"column":16},"end":{"line":21,"column":1}},"3":{"start":{"line":14,"column":46},"end":{"line":17,"column":4}},"4":{"start":{"line":23,"column":19},"end":{"line":37,"column":1}},"5":{"start":{"line":24,"column":17},"end":{"line":24,"column":19}},"6":{"start":{"line":26,"column":1},"end":{"line":34,"column":2}},"7":{"start":{"line":27,"column":19},"end":{"line":27,"column":39}},"8":{"start":{"line":28,"column":21},"end":{"line":28,"column":40}},"9":{"start":{"line":30,"column":2},"end":{"line":33,"column":5}},"10":{"start":{"line":31,"column":24},"end":{"line":31,"column":40}},"11":{"start":{"line":32,"column":3},"end":{"line":32,"column":90}},"12":{"start":{"line":36,"column":1},"end":{"line":36,"column":16}},"13":{"start":{"line":39,"column":25},"end":{"line":58,"column":1}},"14":{"start":{"line":41,"column":54},"end":{"line":57,"column":2}},"15":{"start":{"line":42,"column":65},"end":{"line":42,"column":81}},"16":{"start":{"line":43,"column":19},"end":{"line":43,"column":40}},"17":{"start":{"line":45,"column":3},"end":{"line":45,"column":86}},"18":{"start":{"line":47,"column":2},"end":{"line":55,"column":5}},"19":{"start":{"line":56,"column":2},"end":{"line":56,"column":7}},"20":{"start":{"line":60,"column":28},"end":{"line":79,"column":1}},"21":{"start":{"line":62,"column":54},"end":{"line":78,"column":2}},"22":{"start":{"line":63,"column":65},"end":{"line":63,"column":81}},"23":{"start":{"line":64,"column":19},"end":{"line":64,"column":40}},"24":{"start":{"line":66,"column":3},"end":{"line":66,"column":86}},"25":{"start":{"line":68,"column":2},"end":{"line":76,"column":5}},"26":{"start":{"line":77,"column":2},"end":{"line":77,"column":7}},"27":{"start":{"line":81,"column":27},"end":{"line":83,"column":2}},"28":{"start":{"line":82,"column":1},"end":{"line":82,"column":18}},"29":{"start":{"line":87,"column":30},"end":{"line":89,"column":2}},"30":{"start":{"line":91,"column":26},"end":{"line":91,"column":58}},"31":{"start":{"line":91,"column":32},"end":{"line":91,"column":58}},"32":{"start":{"line":93,"column":24},"end":{"line":96,"column":2}},"33":{"start":{"line":93,"column":34},"end":{"line":96,"column":1}},"34":{"start":{"line":98,"column":26},"end":{"line":98,"column":99}},"35":{"start":{"line":98,"column":32},"end":{"line":98,"column":99}}},"fnMap":{"0":{"name":"(anonymous_0)","decl":{"start":{"line":9,"column":65},"end":{"line":9,"column":66}},"loc":{"start":{"line":9,"column":77},"end":{"line":9,"column":85}},"line":9},"1":{"name":"(anonymous_1)","decl":{"start":{"line":14,"column":26},"end":{"line":14,"column":27}},"loc":{"start":{"line":14,"column":46},"end":{"line":17,"column":4}},"line":14},"2":{"name":"(anonymous_2)","decl":{"start":{"line":23,"column":19},"end":{"line":23,"column":20}},"loc":{"start":{"line":23,"column":29},"end":{"line":37,"column":1}},"line":23},"3":{"name":"(anonymous_3)","decl":{"start":{"line":30,"column":21},"end":{"line":30,"column":22}},"loc":{"start":{"line":30,"column":30},"end":{"line":33,"column":3}},"line":30},"4":{"name":"(anonymous_4)","decl":{"start":{"line":41,"column":1},"end":{"line":41,"column":2}},"loc":{"start":{"line":41,"column":54},"end":{"line":57,"column":2}},"line":41},"5":{"name":"(anonymous_5)","decl":{"start":{"line":41,"column":41},"end":{"line":41,"column":42}},"loc":{"start":{"line":41,"column":47},"end":{"line":41,"column":49}},"line":41},"6":{"name":"(anonymous_6)","decl":{"start":{"line":41,"column":54},"end":{"line":41,"column":55}},"loc":{"start":{"line":41,"column":60},"end":{"line":57,"column":2}},"line":41},"7":{"name":"(anonymous_7)","decl":{"start":{"line":62,"column":1},"end":{"line":62,"column":2}},"loc":{"start":{"line":62,"column":54},"end":{"line":78,"column":2}},"line":62},"8":{"name":"(anonymous_8)","decl":{"start":{"line":62,"column":41},"end":{"line":62,"column":42}},"loc":{"start":{"line":62,"column":47},"end":{"line":62,"column":49}},"line":62},"9":{"name":"(anonymous_9)","decl":{"start":{"line":62,"column":54},"end":{"line":62,"column":55}},"loc":{"start":{"line":62,"column":60},"end":{"line":78,"column":2}},"line":62},"10":{"name":"(anonymous_10)","decl":{"start":{"line":81,"column":56},"end":{"line":81,"column":57}},"loc":{"start":{"line":81,"column":62},"end":{"line":83,"column":1}},"line":81},"11":{"name":"(anonymous_11)","decl":{"start":{"line":91,"column":26},"end":{"line":91,"column":27}},"loc":{"start":{"line":91,"column":32},"end":{"line":91,"column":58}},"line":91},"12":{"name":"(anonymous_12)","decl":{"start":{"line":93,"column":24},"end":{"line":93,"column":25}},"loc":{"start":{"line":93,"column":34},"end":{"line":96,"column":1}},"line":93},"13":{"name":"(anonymous_13)","decl":{"start":{"line":98,"column":26},"end":{"line":98,"column":27}},"loc":{"start":{"line":98,"column":32},"end":{"line":98,"column":99}},"line":98}},"branchMap":{"0":{"loc":{"start":{"line":26,"column":1},"end":{"line":34,"column":2}},"type":"if","locations":[{"start":{"line":26,"column":1},"end":{"line":34,"column":2}},{"start":{"line":26,"column":1},"end":{"line":34,"column":2}}],"line":26},"1":{"loc":{"start":{"line":32,"column":18},"end":{"line":32,"column":89}},"type":"cond-expr","locations":[{"start":{"line":32,"column":42},"end":{"line":32,"column":70}},{"start":{"line":32,"column":73},"end":{"line":32,"column":89}}],"line":32},"2":{"loc":{"start":{"line":41,"column":4},"end":{"line":41,"column":15}},"type":"default-arg","locations":[{"start":{"line":41,"column":13},"end":{"line":41,"column":15}}],"line":41},"3":{"loc":{"start":{"line":41,"column":36},"end":{"line":41,"column":49}},"type":"default-arg","locations":[{"start":{"line":41,"column":41},"end":{"line":41,"column":49}}],"line":41},"4":{"loc":{"start":{"line":42,"column":18},"end":{"line":42,"column":32}},"type":"default-arg","locations":[{"start":{"line":42,"column":30},"end":{"line":42,"column":32}}],"line":42},"5":{"loc":{"start":{"line":42,"column":44},"end":{"line":42,"column":60}},"type":"default-arg","locations":[{"start":{"line":42,"column":58},"end":{"line":42,"column":60}}],"line":42},"6":{"loc":{"start":{"line":45,"column":3},"end":{"line":45,"column":86}},"type":"cond-expr","locations":[{"start":{"line":45,"column":28},"end":{"line":45,"column":65}},{"start":{"line":45,"column":68},"end":{"line":45,"column":86}}],"line":45},"7":{"loc":{"start":{"line":62,"column":4},"end":{"line":62,"column":15}},"type":"default-arg","locations":[{"start":{"line":62,"column":13},"end":{"line":62,"column":15}}],"line":62},"8":{"loc":{"start":{"line":62,"column":36},"end":{"line":62,"column":49}},"type":"default-arg","locations":[{"start":{"line":62,"column":41},"end":{"line":62,"column":49}}],"line":62},"9":{"loc":{"start":{"line":63,"column":18},"end":{"line":63,"column":32}},"type":"default-arg","locations":[{"start":{"line":63,"column":30},"end":{"line":63,"column":32}}],"line":63},"10":{"loc":{"start":{"line":63,"column":44},"end":{"line":63,"column":60}},"type":"default-arg","locations":[{"start":{"line":63,"column":58},"end":{"line":63,"column":60}}],"line":63},"11":{"loc":{"start":{"line":66,"column":3},"end":{"line":66,"column":86}},"type":"cond-expr","locations":[{"start":{"line":66,"column":28},"end":{"line":66,"column":65}},{"start":{"line":66,"column":68},"end":{"line":66,"column":86}}],"line":66}},"s":{"0":1,"1":0,"2":1,"3":0,"4":1,"5":0,"6":0,"7":0,"8":0,"9":0,"10":0,"11":0,"12":0,"13":1,"14":0,"15":0,"16":0,"17":0,"18":0,"19":0,"20":1,"21":0,"22":0,"23":0,"24":0,"25":0,"26":0,"27":1,"28":0,"29":1,"30":1,"31":1,"32":1,"33":0,"34":1,"35":0},"f":{"0":0,"1":0,"2":0,"3":0,"4":0,"5":0,"6":0,"7":0,"8":0,"9":0,"10":0,"11":1,"12":0,"13":0},"b":{"0":[0,0],"1":[0,0],"2":[0],"3":[0],"4":[0],"5":[0],"6":[0,0],"7":[0],"8":[0],"9":[0],"10":[0],"11":[0,0]},"_coverageSchema":"1a1c01bbd47fc00a2c39e90264f33305004495a9","hash":"4a2c7c1d082248ba9dc2044fbaa95bb01c48c9c4"}
,"/Users/jonathan/Desktop/cacdi/HIB/web/src/store/history.js": {"path":"/Users/jonathan/Desktop/cacdi/HIB/web/src/store/history.js","statementMap":{"0":{"start":{"line":3,"column":23},"end":{"line":3,"column":45}}},"fnMap":{},"branchMap":{},"s":{"0":1},"f":{},"b":{},"_coverageSchema":"1a1c01bbd47fc00a2c39e90264f33305004495a9","hash":"c0ddec47b5db2b374c6467da33a2272282dbfc9f"}
,"/Users/jonathan/Desktop/cacdi/HIB/web/src/util/helper.js": {"path":"/Users/jonathan/Desktop/cacdi/HIB/web/src/util/helper.js","statementMap":{"0":{"start":{"line":1,"column":23},"end":{"line":1,"column":94}},"1":{"start":{"line":1,"column":32},"end":{"line":1,"column":94}},"2":{"start":{"line":3,"column":23},"end":{"line":3,"column":47}},"3":{"start":{"line":3,"column":32},"end":{"line":3,"column":47}},"4":{"start":{"line":5,"column":21},"end":{"line":5,"column":86}},"5":{"start":{"line":5,"column":29},"end":{"line":5,"column":86}},"6":{"start":{"line":5,"column":52},"end":{"line":5,"column":85}},"7":{"start":{"line":5,"column":69},"end":{"line":5,"column":78}},"8":{"start":{"line":8,"column":34},"end":{"line":10,"column":51}},"9":{"start":{"line":9,"column":1},"end":{"line":10,"column":51}},"10":{"start":{"line":12,"column":27},"end":{"line":12,"column":38}},"11":{"start":{"line":14,"column":27},"end":{"line":17,"column":2}},"12":{"start":{"line":14,"column":40},"end":{"line":17,"column":1}},"13":{"start":{"line":19,"column":23},"end":{"line":24,"column":7}},"14":{"start":{"line":20,"column":1},"end":{"line":24,"column":7}},"15":{"start":{"line":22,"column":2},"end":{"line":22,"column":42}},"16":{"start":{"line":23,"column":2},"end":{"line":23,"column":12}},"17":{"start":{"line":26,"column":30},"end":{"line":31,"column":1}},"18":{"start":{"line":27,"column":1},"end":{"line":30,"column":4}},"19":{"start":{"line":33,"column":27},"end":{"line":45,"column":1}},"20":{"start":{"line":34,"column":1},"end":{"line":44,"column":2}},"21":{"start":{"line":35,"column":2},"end":{"line":38,"column":5}},"22":{"start":{"line":40,"column":2},"end":{"line":43,"column":5}}},"fnMap":{"0":{"name":"(anonymous_0)","decl":{"start":{"line":1,"column":23},"end":{"line":1,"column":24}},"loc":{"start":{"line":1,"column":32},"end":{"line":1,"column":94}},"line":1},"1":{"name":"(anonymous_1)","decl":{"start":{"line":3,"column":23},"end":{"line":3,"column":24}},"loc":{"start":{"line":3,"column":32},"end":{"line":3,"column":47}},"line":3},"2":{"name":"(anonymous_2)","decl":{"start":{"line":5,"column":21},"end":{"line":5,"column":22}},"loc":{"start":{"line":5,"column":29},"end":{"line":5,"column":86}},"line":5},"3":{"name":"(anonymous_3)","decl":{"start":{"line":5,"column":41},"end":{"line":5,"column":42}},"loc":{"start":{"line":5,"column":52},"end":{"line":5,"column":85}},"line":5},"4":{"name":"(anonymous_4)","decl":{"start":{"line":5,"column":63},"end":{"line":5,"column":64}},"loc":{"start":{"line":5,"column":69},"end":{"line":5,"column":78}},"line":5},"5":{"name":"(anonymous_5)","decl":{"start":{"line":8,"column":34},"end":{"line":8,"column":35}},"loc":{"start":{"line":9,"column":1},"end":{"line":10,"column":51}},"line":9},"6":{"name":"(anonymous_6)","decl":{"start":{"line":14,"column":27},"end":{"line":14,"column":28}},"loc":{"start":{"line":14,"column":40},"end":{"line":17,"column":1}},"line":14},"7":{"name":"(anonymous_7)","decl":{"start":{"line":19,"column":23},"end":{"line":19,"column":24}},"loc":{"start":{"line":20,"column":1},"end":{"line":24,"column":7}},"line":20},"8":{"name":"(anonymous_8)","decl":{"start":{"line":20,"column":11},"end":{"line":20,"column":12}},"loc":{"start":{"line":20,"column":22},"end":{"line":24,"column":2}},"line":20},"9":{"name":"(anonymous_9)","decl":{"start":{"line":26,"column":30},"end":{"line":26,"column":31}},"loc":{"start":{"line":26,"column":67},"end":{"line":31,"column":1}},"line":26},"10":{"name":"(anonymous_10)","decl":{"start":{"line":33,"column":27},"end":{"line":33,"column":28}},"loc":{"start":{"line":33,"column":55},"end":{"line":45,"column":1}},"line":33}},"branchMap":{"0":{"loc":{"start":{"line":1,"column":32},"end":{"line":1,"column":94}},"type":"binary-expr","locations":[{"start":{"line":1,"column":32},"end":{"line":1,"column":46}},{"start":{"line":1,"column":50},"end":{"line":1,"column":62}},{"start":{"line":1,"column":66},"end":{"line":1,"column":94}}],"line":1},"1":{"loc":{"start":{"line":9,"column":1},"end":{"line":10,"column":51}},"type":"binary-expr","locations":[{"start":{"line":9,"column":1},"end":{"line":9,"column":48}},{"start":{"line":10,"column":1},"end":{"line":10,"column":51}}],"line":9},"2":{"loc":{"start":{"line":22,"column":16},"end":{"line":22,"column":32}},"type":"binary-expr","locations":[{"start":{"line":22,"column":16},"end":{"line":22,"column":26}},{"start":{"line":22,"column":30},"end":{"line":22,"column":32}}],"line":22},"3":{"loc":{"start":{"line":26,"column":31},"end":{"line":26,"column":41}},"type":"default-arg","locations":[{"start":{"line":26,"column":40},"end":{"line":26,"column":41}}],"line":26},"4":{"loc":{"start":{"line":26,"column":43},"end":{"line":26,"column":62}},"type":"default-arg","locations":[{"start":{"line":26,"column":54},"end":{"line":26,"column":62}}],"line":26},"5":{"loc":{"start":{"line":33,"column":28},"end":{"line":33,"column":38}},"type":"default-arg","locations":[{"start":{"line":33,"column":34},"end":{"line":33,"column":38}}],"line":33},"6":{"loc":{"start":{"line":33,"column":40},"end":{"line":33,"column":50}},"type":"default-arg","locations":[{"start":{"line":33,"column":49},"end":{"line":33,"column":50}}],"line":33},"7":{"loc":{"start":{"line":34,"column":1},"end":{"line":44,"column":2}},"type":"if","locations":[{"start":{"line":34,"column":1},"end":{"line":44,"column":2}},{"start":{"line":34,"column":1},"end":{"line":44,"column":2}}],"line":34},"8":{"loc":{"start":{"line":34,"column":5},"end":{"line":34,"column":23}},"type":"binary-expr","locations":[{"start":{"line":34,"column":5},"end":{"line":34,"column":8}},{"start":{"line":34,"column":12},"end":{"line":34,"column":23}}],"line":34}},"s":{"0":3,"1":6,"2":3,"3":0,"4":3,"5":0,"6":0,"7":0,"8":3,"9":0,"10":3,"11":3,"12":0,"13":3,"14":0,"15":0,"16":0,"17":3,"18":0,"19":3,"20":0,"21":0,"22":0},"f":{"0":6,"1":0,"2":0,"3":0,"4":0,"5":0,"6":0,"7":0,"8":0,"9":0,"10":0},"b":{"0":[6,6,6],"1":[0,0],"2":[0,0],"3":[0],"4":[0],"5":[0],"6":[0],"7":[0,0],"8":[0,0]},"_coverageSchema":"1a1c01bbd47fc00a2c39e90264f33305004495a9","hash":"4a7b889f56a0b0d3b251f6ecc34e926feb9eea19"}
,"/Users/jonathan/Desktop/cacdi/HIB/web/src/util/hook/index.js": {"path":"/Users/jonathan/Desktop/cacdi/HIB/web/src/util/hook/index.js","statementMap":{"0":{"start":{"line":3,"column":26},"end":{"line":28,"column":1}},"1":{"start":{"line":4,"column":75},"end":{"line":4,"column":82}},"2":{"start":{"line":6,"column":29},"end":{"line":6,"column":53}},"3":{"start":{"line":8,"column":16},"end":{"line":15,"column":2}},"4":{"start":{"line":9,"column":2},"end":{"line":13,"column":3}},"5":{"start":{"line":10,"column":3},"end":{"line":10,"column":13}},"6":{"start":{"line":12,"column":3},"end":{"line":12,"column":12}},"7":{"start":{"line":14,"column":2},"end":{"line":14,"column":21}},"8":{"start":{"line":17,"column":18},"end":{"line":20,"column":2}},"9":{"start":{"line":18,"column":2},"end":{"line":18,"column":18}},"10":{"start":{"line":19,"column":2},"end":{"line":19,"column":12}},"11":{"start":{"line":22,"column":17},"end":{"line":25,"column":2}},"12":{"start":{"line":23,"column":2},"end":{"line":23,"column":17}},"13":{"start":{"line":24,"column":2},"end":{"line":24,"column":11}},"14":{"start":{"line":27,"column":1},"end":{"line":27,"column":49}},"15":{"start":{"line":30,"column":25},"end":{"line":45,"column":1}},"16":{"start":{"line":31,"column":27},"end":{"line":31,"column":49}},"17":{"start":{"line":33,"column":23},"end":{"line":36,"column":2}},"18":{"start":{"line":34,"column":2},"end":{"line":34,"column":23}},"19":{"start":{"line":35,"column":2},"end":{"line":35,"column":23}},"20":{"start":{"line":38,"column":1},"end":{"line":42,"column":18}},"21":{"start":{"line":39,"column":2},"end":{"line":41,"column":3}},"22":{"start":{"line":40,"column":3},"end":{"line":40,"column":24}},"23":{"start":{"line":44,"column":1},"end":{"line":44,"column":31}},"24":{"start":{"line":47,"column":28},"end":{"line":64,"column":1}},"25":{"start":{"line":48,"column":34},"end":{"line":48,"column":55}},"26":{"start":{"line":50,"column":23},"end":{"line":52,"column":2}},"27":{"start":{"line":51,"column":2},"end":{"line":51,"column":18}},"28":{"start":{"line":54,"column":1},"end":{"line":61,"column":16}},"29":{"start":{"line":55,"column":2},"end":{"line":60,"column":3}},"30":{"start":{"line":56,"column":3},"end":{"line":59,"column":12}},"31":{"start":{"line":57,"column":17},"end":{"line":57,"column":29}},"32":{"start":{"line":58,"column":4},"end":{"line":58,"column":23}},"33":{"start":{"line":63,"column":1},"end":{"line":63,"column":52}}},"fnMap":{"0":{"name":"(anonymous_0)","decl":{"start":{"line":3,"column":26},"end":{"line":3,"column":27}},"loc":{"start":{"line":3,"column":44},"end":{"line":28,"column":1}},"line":3},"1":{"name":"(anonymous_1)","decl":{"start":{"line":4,"column":18},"end":{"line":4,"column":19}},"loc":{"start":{"line":4,"column":24},"end":{"line":4,"column":26}},"line":4},"2":{"name":"(anonymous_2)","decl":{"start":{"line":4,"column":38},"end":{"line":4,"column":39}},"loc":{"start":{"line":4,"column":44},"end":{"line":4,"column":46}},"line":4},"3":{"name":"(anonymous_3)","decl":{"start":{"line":8,"column":16},"end":{"line":8,"column":17}},"loc":{"start":{"line":8,"column":22},"end":{"line":15,"column":2}},"line":8},"4":{"name":"(anonymous_4)","decl":{"start":{"line":17,"column":18},"end":{"line":17,"column":19}},"loc":{"start":{"line":17,"column":24},"end":{"line":20,"column":2}},"line":17},"5":{"name":"(anonymous_5)","decl":{"start":{"line":22,"column":17},"end":{"line":22,"column":18}},"loc":{"start":{"line":22,"column":23},"end":{"line":25,"column":2}},"line":22},"6":{"name":"(anonymous_6)","decl":{"start":{"line":30,"column":25},"end":{"line":30,"column":26}},"loc":{"start":{"line":30,"column":74},"end":{"line":45,"column":1}},"line":30},"7":{"name":"(anonymous_7)","decl":{"start":{"line":33,"column":23},"end":{"line":33,"column":24}},"loc":{"start":{"line":33,"column":35},"end":{"line":36,"column":2}},"line":33},"8":{"name":"(anonymous_8)","decl":{"start":{"line":38,"column":11},"end":{"line":38,"column":12}},"loc":{"start":{"line":38,"column":17},"end":{"line":42,"column":2}},"line":38},"9":{"name":"(anonymous_9)","decl":{"start":{"line":47,"column":28},"end":{"line":47,"column":29}},"loc":{"start":{"line":47,"column":58},"end":{"line":64,"column":1}},"line":47},"10":{"name":"(anonymous_10)","decl":{"start":{"line":50,"column":23},"end":{"line":50,"column":24}},"loc":{"start":{"line":50,"column":29},"end":{"line":52,"column":2}},"line":50},"11":{"name":"(anonymous_11)","decl":{"start":{"line":54,"column":11},"end":{"line":54,"column":12}},"loc":{"start":{"line":54,"column":17},"end":{"line":61,"column":2}},"line":54},"12":{"name":"(anonymous_12)","decl":{"start":{"line":56,"column":14},"end":{"line":56,"column":15}},"loc":{"start":{"line":56,"column":20},"end":{"line":59,"column":4}},"line":56}},"branchMap":{"0":{"loc":{"start":{"line":3,"column":27},"end":{"line":3,"column":39}},"type":"default-arg","locations":[{"start":{"line":3,"column":37},"end":{"line":3,"column":39}}],"line":3},"1":{"loc":{"start":{"line":4,"column":9},"end":{"line":4,"column":26}},"type":"default-arg","locations":[{"start":{"line":4,"column":18},"end":{"line":4,"column":26}}],"line":4},"2":{"loc":{"start":{"line":4,"column":28},"end":{"line":4,"column":46}},"type":"default-arg","locations":[{"start":{"line":4,"column":38},"end":{"line":4,"column":46}}],"line":4},"3":{"loc":{"start":{"line":4,"column":48},"end":{"line":4,"column":70}},"type":"default-arg","locations":[{"start":{"line":4,"column":65},"end":{"line":4,"column":70}}],"line":4},"4":{"loc":{"start":{"line":9,"column":2},"end":{"line":13,"column":3}},"type":"if","locations":[{"start":{"line":9,"column":2},"end":{"line":13,"column":3}},{"start":{"line":9,"column":2},"end":{"line":13,"column":3}}],"line":9},"5":{"loc":{"start":{"line":30,"column":28},"end":{"line":30,"column":45}},"type":"default-arg","locations":[{"start":{"line":30,"column":43},"end":{"line":30,"column":45}}],"line":30},"6":{"loc":{"start":{"line":39,"column":2},"end":{"line":41,"column":3}},"type":"if","locations":[{"start":{"line":39,"column":2},"end":{"line":41,"column":3}},{"start":{"line":39,"column":2},"end":{"line":41,"column":3}}],"line":39},"7":{"loc":{"start":{"line":47,"column":29},"end":{"line":47,"column":53}},"type":"default-arg","locations":[{"start":{"line":47,"column":51},"end":{"line":47,"column":53}}],"line":47},"8":{"loc":{"start":{"line":47,"column":31},"end":{"line":47,"column":46}},"type":"default-arg","locations":[{"start":{"line":47,"column":45},"end":{"line":47,"column":46}}],"line":47},"9":{"loc":{"start":{"line":55,"column":2},"end":{"line":60,"column":3}},"type":"if","locations":[{"start":{"line":55,"column":2},"end":{"line":60,"column":3}},{"start":{"line":55,"column":2},"end":{"line":60,"column":3}}],"line":55},"10":{"loc":{"start":{"line":55,"column":6},"end":{"line":55,"column":52}},"type":"binary-expr","locations":[{"start":{"line":55,"column":6},"end":{"line":55,"column":20}},{"start":{"line":55,"column":24},"end":{"line":55,"column":52}}],"line":55}},"s":{"0":2,"1":5,"2":5,"3":5,"4":0,"5":0,"6":0,"7":0,"8":5,"9":0,"10":0,"11":5,"12":0,"13":0,"14":5,"15":2,"16":4,"17":4,"18":0,"19":0,"20":4,"21":4,"22":0,"23":4,"24":2,"25":0,"26":0,"27":0,"28":0,"29":0,"30":0,"31":0,"32":0,"33":0},"f":{"0":5,"1":0,"2":0,"3":0,"4":0,"5":0,"6":4,"7":0,"8":4,"9":0,"10":0,"11":0,"12":0},"b":{"0":[0],"1":[1],"2":[1],"3":[0],"4":[0,0],"5":[0],"6":[0,4],"7":[0],"8":[0],"9":[0,0],"10":[0,0]},"_coverageSchema":"1a1c01bbd47fc00a2c39e90264f33305004495a9","hash":"b00d6145d97707442205a079326d9fab31f6eb70"}
,"/Users/jonathan/Desktop/cacdi/HIB/web/src/util/hook/redux.js": {"path":"/Users/jonathan/Desktop/cacdi/HIB/web/src/util/hook/redux.js","statementMap":{"0":{"start":{"line":5,"column":24},"end":{"line":5,"column":38}},"1":{"start":{"line":5,"column":33},"end":{"line":5,"column":38}},"2":{"start":{"line":7,"column":24},"end":{"line":21,"column":1}},"3":{"start":{"line":8,"column":18},"end":{"line":8,"column":89}},"4":{"start":{"line":10,"column":15},"end":{"line":10,"column":63}},"5":{"start":{"line":11,"column":18},"end":{"line":11,"column":31}},"6":{"start":{"line":13,"column":1},"end":{"line":15,"column":2}},"7":{"start":{"line":14,"column":2},"end":{"line":14,"column":27}},"8":{"start":{"line":18,"column":2},"end":{"line":18,"column":91}},"9":{"start":{"line":20,"column":1},"end":{"line":20,"column":30}}},"fnMap":{"0":{"name":"(anonymous_0)","decl":{"start":{"line":5,"column":24},"end":{"line":5,"column":25}},"loc":{"start":{"line":5,"column":33},"end":{"line":5,"column":38}},"line":5},"1":{"name":"(anonymous_1)","decl":{"start":{"line":7,"column":24},"end":{"line":7,"column":25}},"loc":{"start":{"line":7,"column":67},"end":{"line":21,"column":1}},"line":7}},"branchMap":{"0":{"loc":{"start":{"line":7,"column":50},"end":{"line":7,"column":62}},"type":"default-arg","locations":[{"start":{"line":7,"column":60},"end":{"line":7,"column":62}}],"line":7},"1":{"loc":{"start":{"line":8,"column":18},"end":{"line":8,"column":89}},"type":"cond-expr","locations":[{"start":{"line":8,"column":57},"end":{"line":8,"column":72}},{"start":{"line":8,"column":75},"end":{"line":8,"column":89}}],"line":8},"2":{"loc":{"start":{"line":13,"column":1},"end":{"line":15,"column":2}},"type":"if","locations":[{"start":{"line":13,"column":1},"end":{"line":15,"column":2}},{"start":{"line":13,"column":1},"end":{"line":15,"column":2}}],"line":13},"3":{"loc":{"start":{"line":13,"column":5},"end":{"line":13,"column":55}},"type":"binary-expr","locations":[{"start":{"line":13,"column":5},"end":{"line":13,"column":35}},{"start":{"line":13,"column":39},"end":{"line":13,"column":55}}],"line":13},"4":{"loc":{"start":{"line":18,"column":2},"end":{"line":18,"column":91}},"type":"cond-expr","locations":[{"start":{"line":18,"column":34},"end":{"line":18,"column":51}},{"start":{"line":18,"column":54},"end":{"line":18,"column":91}}],"line":18}},"s":{"0":2,"1":0,"2":2,"3":0,"4":0,"5":0,"6":0,"7":0,"8":0,"9":0},"f":{"0":0,"1":0},"b":{"0":[0],"1":[0,0],"2":[0,0],"3":[0,0],"4":[0,0]},"_coverageSchema":"1a1c01bbd47fc00a2c39e90264f33305004495a9","hash":"b6518966b18616bca92ace6e19982348fa2ad8e2"}
,"/Users/jonathan/Desktop/cacdi/HIB/web/src/util/hook/useMedia.js": {"path":"/Users/jonathan/Desktop/cacdi/HIB/web/src/util/hook/useMedia.js","statementMap":{"0":{"start":{"line":3,"column":24},"end":{"line":43,"column":1}},"1":{"start":{"line":4,"column":20},"end":{"line":4,"column":59}},"2":{"start":{"line":5,"column":21},"end":{"line":5,"column":84}},"3":{"start":{"line":6,"column":22},"end":{"line":6,"column":62}},"4":{"start":{"line":8,"column":20},"end":{"line":8,"column":29}},"5":{"start":{"line":10,"column":1},"end":{"line":12,"column":2}},"6":{"start":{"line":11,"column":2},"end":{"line":11,"column":25}},"7":{"start":{"line":14,"column":1},"end":{"line":16,"column":2}},"8":{"start":{"line":15,"column":2},"end":{"line":15,"column":26}},"9":{"start":{"line":18,"column":27},"end":{"line":18,"column":49}},"10":{"start":{"line":20,"column":27},"end":{"line":24,"column":2}},"11":{"start":{"line":20,"column":40},"end":{"line":24,"column":2}},"12":{"start":{"line":21,"column":2},"end":{"line":23,"column":3}},"13":{"start":{"line":22,"column":3},"end":{"line":22,"column":23}},"14":{"start":{"line":26,"column":1},"end":{"line":40,"column":13}},"15":{"start":{"line":27,"column":23},"end":{"line":27,"column":49}},"16":{"start":{"line":28,"column":24},"end":{"line":28,"column":51}},"17":{"start":{"line":29,"column":25},"end":{"line":29,"column":53}},"18":{"start":{"line":31,"column":2},"end":{"line":31,"column":39}},"19":{"start":{"line":32,"column":2},"end":{"line":32,"column":41}},"20":{"start":{"line":33,"column":2},"end":{"line":33,"column":43}},"21":{"start":{"line":35,"column":2},"end":{"line":39,"column":4}},"22":{"start":{"line":36,"column":3},"end":{"line":36,"column":43}},"23":{"start":{"line":37,"column":3},"end":{"line":37,"column":45}},"24":{"start":{"line":38,"column":3},"end":{"line":38,"column":47}},"25":{"start":{"line":42,"column":1},"end":{"line":42,"column":14}},"26":{"start":{"line":45,"column":29},"end":{"line":58,"column":1}},"27":{"start":{"line":46,"column":25},"end":{"line":46,"column":41}},"28":{"start":{"line":48,"column":1},"end":{"line":55,"column":8}},"29":{"start":{"line":49,"column":21},"end":{"line":51,"column":3}},"30":{"start":{"line":50,"column":3},"end":{"line":50,"column":52}},"31":{"start":{"line":52,"column":2},"end":{"line":52,"column":48}},"32":{"start":{"line":53,"column":2},"end":{"line":53,"column":15}},"33":{"start":{"line":54,"column":2},"end":{"line":54,"column":64}},"34":{"start":{"line":54,"column":15},"end":{"line":54,"column":63}},"35":{"start":{"line":57,"column":1},"end":{"line":57,"column":13}}},"fnMap":{"0":{"name":"(anonymous_0)","decl":{"start":{"line":3,"column":24},"end":{"line":3,"column":25}},"loc":{"start":{"line":3,"column":30},"end":{"line":43,"column":1}},"line":3},"1":{"name":"(anonymous_1)","decl":{"start":{"line":20,"column":27},"end":{"line":20,"column":28}},"loc":{"start":{"line":20,"column":40},"end":{"line":24,"column":2}},"line":20},"2":{"name":"(anonymous_2)","decl":{"start":{"line":20,"column":40},"end":{"line":20,"column":41}},"loc":{"start":{"line":20,"column":56},"end":{"line":24,"column":2}},"line":20},"3":{"name":"(anonymous_3)","decl":{"start":{"line":26,"column":11},"end":{"line":26,"column":12}},"loc":{"start":{"line":26,"column":17},"end":{"line":40,"column":2}},"line":26},"4":{"name":"(anonymous_4)","decl":{"start":{"line":35,"column":9},"end":{"line":35,"column":10}},"loc":{"start":{"line":35,"column":15},"end":{"line":39,"column":3}},"line":35},"5":{"name":"(anonymous_5)","decl":{"start":{"line":45,"column":29},"end":{"line":45,"column":30}},"loc":{"start":{"line":45,"column":35},"end":{"line":58,"column":1}},"line":45},"6":{"name":"(anonymous_6)","decl":{"start":{"line":48,"column":17},"end":{"line":48,"column":18}},"loc":{"start":{"line":48,"column":23},"end":{"line":55,"column":2}},"line":48},"7":{"name":"(anonymous_7)","decl":{"start":{"line":49,"column":21},"end":{"line":49,"column":22}},"loc":{"start":{"line":49,"column":27},"end":{"line":51,"column":3}},"line":49},"8":{"name":"(anonymous_8)","decl":{"start":{"line":54,"column":9},"end":{"line":54,"column":10}},"loc":{"start":{"line":54,"column":15},"end":{"line":54,"column":63}},"line":54}},"branchMap":{"0":{"loc":{"start":{"line":10,"column":1},"end":{"line":12,"column":2}},"type":"if","locations":[{"start":{"line":10,"column":1},"end":{"line":12,"column":2}},{"start":{"line":10,"column":1},"end":{"line":12,"column":2}}],"line":10},"1":{"loc":{"start":{"line":14,"column":1},"end":{"line":16,"column":2}},"type":"if","locations":[{"start":{"line":14,"column":1},"end":{"line":16,"column":2}},{"start":{"line":14,"column":1},"end":{"line":16,"column":2}}],"line":14},"2":{"loc":{"start":{"line":21,"column":2},"end":{"line":23,"column":3}},"type":"if","locations":[{"start":{"line":21,"column":2},"end":{"line":23,"column":3}},{"start":{"line":21,"column":2},"end":{"line":23,"column":3}}],"line":21},"3":{"loc":{"start":{"line":21,"column":6},"end":{"line":21,"column":49}},"type":"binary-expr","locations":[{"start":{"line":21,"column":6},"end":{"line":21,"column":26}},{"start":{"line":21,"column":30},"end":{"line":21,"column":49}}],"line":21}},"s":{"0":1,"1":0,"2":0,"3":0,"4":0,"5":0,"6":0,"7":0,"8":0,"9":0,"10":0,"11":0,"12":0,"13":0,"14":0,"15":0,"16":0,"17":0,"18":0,"19":0,"20":0,"21":0,"22":0,"23":0,"24":0,"25":0,"26":1,"27":3,"28":3,"29":1,"30":1,"31":1,"32":1,"33":1,"34":1,"35":3},"f":{"0":0,"1":0,"2":0,"3":0,"4":0,"5":3,"6":1,"7":1,"8":1},"b":{"0":[0,0],"1":[0,0],"2":[0,0],"3":[0,0]},"_coverageSchema":"1a1c01bbd47fc00a2c39e90264f33305004495a9","hash":"a4d6458ef3ce9ccc8153350eb34a6ce2e37c4de5"}
}
