TN:
SF:src/components/atoms/Button/index.js
FN:10,(anonymous_0)
FN:16,(anonymous_1)
FN:73,(anonymous_2)
FN:77,(anonymous_3)
FN:95,(anonymous_4)
FNF:5
FNH:2
FNDA:1,(anonymous_0)
FNDA:0,(anonymous_1)
FNDA:1,(anonymous_2)
FNDA:0,(anonymous_3)
FNDA:0,(anonymous_4)
DA:10,1
DA:22,1
DA:23,0
DA:49,1
DA:73,1
DA:83,1
DA:96,0
DA:97,0
LF:8
LH:5
BRDA:13,0,0,0
BRDA:15,1,0,1
BRDA:16,2,0,1
BRDA:19,3,0,1
BRDA:20,4,0,1
BRDA:22,5,0,0
BRDA:22,5,1,1
BRDA:32,6,0,0
BRDA:32,6,1,0
BRDA:33,7,0,0
BRDA:33,7,1,0
BRDA:34,8,0,0
BRDA:34,8,1,0
BRDA:42,9,0,0
BRDA:42,9,1,0
BRDA:58,10,0,1
BRDA:58,10,1,1
BRDA:59,11,0,1
BRDA:59,11,1,0
BRDA:60,12,0,1
BRDA:60,12,1,1
BRDA:66,13,0,1
BRDA:66,13,1,0
BRDA:76,14,0,0
BRDA:77,15,0,1
BRDA:81,16,0,0
BRDA:90,17,0,1
BRDA:90,17,1,1
BRDA:91,18,0,1
BRDA:91,18,1,1
BRDA:92,19,0,1
BRDA:92,19,1,1
BRDA:96,20,0,0
BRDA:96,20,1,0
BRDA:102,21,0,1
BRDA:102,21,1,0
BRF:36
BRH:19
end_of_record
TN:
SF:src/components/atoms/Dropdown/index.js
FN:16,(anonymous_0)
FN:22,(anonymous_1)
FN:31,(anonymous_2)
FN:32,(anonymous_3)
FN:33,(anonymous_4)
FN:36,(anonymous_5)
FN:44,(anonymous_6)
FN:68,(anonymous_7)
FN:77,(anonymous_8)
FN:84,(anonymous_9)
FN:102,(anonymous_10)
FNF:11
FNH:4
FNDA:4,(anonymous_0)
FNDA:0,(anonymous_1)
FNDA:0,(anonymous_2)
FNDA:0,(anonymous_3)
FNDA:0,(anonymous_4)
FNDA:3,(anonymous_5)
FNDA:4,(anonymous_6)
FNDA:0,(anonymous_7)
FNDA:0,(anonymous_8)
FNDA:0,(anonymous_9)
FNDA:2,(anonymous_10)
DA:16,1
DA:35,4
DA:36,4
DA:38,4
DA:45,4
DA:69,0
DA:78,0
DA:85,0
DA:86,0
DA:102,1
DA:117,2
LF:11
LH:7
BRDA:20,0,0,0
BRDA:22,1,0,1
BRDA:24,2,0,0
BRDA:25,3,0,0
BRDA:26,4,0,1
BRDA:27,5,0,4
BRDA:28,6,0,4
BRDA:31,7,0,4
BRDA:32,8,0,4
BRDA:33,9,0,4
BRDA:36,10,0,4
BRDA:36,10,1,3
BRDA:62,11,0,3
BRDA:62,11,1,1
BRDA:67,12,0,4
BRDA:67,12,1,0
BRDA:69,13,0,0
BRDA:69,13,1,0
BRDA:76,14,0,0
BRDA:76,14,1,0
BRDA:81,15,0,0
BRDA:81,15,1,0
BRDA:90,16,0,0
BRDA:90,16,1,0
BRDA:90,17,0,0
BRDA:90,17,1,0
BRDA:107,18,0,0
BRDA:108,19,0,0
BRDA:109,20,0,0
BRDA:115,21,0,2
BRDA:120,22,0,2
BRDA:120,22,1,2
BRDA:132,23,0,2
BRDA:132,23,1,1
BRF:34
BRH:17
end_of_record
TN:
SF:src/components/atoms/DropdownBasic/index.js
FN:10,(anonymous_0)
FN:22,(anonymous_1)
FN:43,(anonymous_2)
FN:50,(anonymous_3)
FN:54,(anonymous_4)
FN:78,(anonymous_5)
FN:96,(anonymous_6)
FN:101,(anonymous_7)
FN:108,(anonymous_8)
FNF:9
FNH:3
FNDA:0,(anonymous_0)
FNDA:5,(anonymous_1)
FNDA:5,(anonymous_2)
FNDA:0,(anonymous_3)
FNDA:0,(anonymous_4)
FNDA:0,(anonymous_5)
FNDA:0,(anonymous_6)
FNDA:0,(anonymous_7)
FNDA:5,(anonymous_8)
DA:10,2
DA:11,0
DA:12,0
DA:15,0
DA:16,0
DA:19,0
DA:22,2
DA:35,5
DA:36,5
DA:37,5
DA:43,5
DA:44,5
DA:46,0
DA:50,5
DA:53,0
DA:54,0
DA:55,0
DA:57,0
DA:62,0
DA:66,0
DA:69,0
DA:74,0
DA:78,5
DA:79,0
DA:80,0
DA:84,5
DA:91,5
DA:97,0
DA:98,0
DA:109,5
LF:30
LH:12
BRDA:11,0,0,0
BRDA:11,0,1,0
BRDA:15,1,0,0
BRDA:15,1,1,0
BRDA:28,2,0,5
BRDA:29,3,0,5
BRDA:30,4,0,5
BRDA:31,5,0,1
BRDA:44,6,0,0
BRDA:44,6,1,5
BRDA:44,7,0,5
BRDA:44,7,1,0
BRDA:44,7,2,0
BRDA:53,8,0,0
BRDA:53,8,1,0
BRDA:57,9,0,0
BRDA:57,9,1,0
BRDA:58,10,0,0
BRDA:58,10,1,0
BRDA:58,10,2,0
BRDA:69,11,0,0
BRDA:69,11,1,0
BRDA:70,12,0,0
BRDA:70,12,1,0
BRDA:70,12,2,0
BRDA:79,13,0,0
BRDA:79,13,1,0
BRDA:97,14,0,0
BRDA:97,14,1,0
BRDA:97,15,0,0
BRDA:97,15,1,0
BRDA:109,16,0,5
BRDA:109,16,1,0
BRF:33
BRH:7
end_of_record
TN:
SF:src/components/atoms/Link/index.js
FN:6,(anonymous_0)
FN:7,(anonymous_1)
FN:14,(anonymous_2)
FN:14,(anonymous_3)
FN:24,(anonymous_4)
FN:25,(anonymous_5)
FNF:6
FNH:2
FNDA:1,(anonymous_0)
FNDA:0,(anonymous_1)
FNDA:1,(anonymous_2)
FNDA:0,(anonymous_3)
FNDA:0,(anonymous_4)
FNDA:0,(anonymous_5)
DA:6,1
DA:7,1
DA:8,0
DA:9,0
DA:10,0
DA:14,1
DA:15,1
DA:17,1
LF:8
LH:5
BRDA:14,0,0,0
BRDA:14,1,0,1
BRDA:23,2,0,0
BRDA:23,2,1,1
BRDA:24,3,0,0
BRDA:24,3,1,1
BRF:6
BRH:3
end_of_record
TN:
SF:src/components/atoms/List/index.js
FN:3,(anonymous_0)
FN:5,(anonymous_1)
FNF:2
FNH:2
FNDA:2,(anonymous_0)
FNDA:4,(anonymous_1)
DA:3,2
DA:4,2
DA:6,4
LF:3
LH:3
BRF:0
BRH:0
end_of_record
TN:
SF:src/components/atoms/Tab/index.js
FN:8,(anonymous_0)
FN:8,(anonymous_1)
FN:15,(anonymous_2)
FN:21,(anonymous_3)
FN:37,(anonymous_4)
FN:42,(anonymous_5)
FN:45,(anonymous_6)
FNF:7
FNH:4
FNDA:3,(anonymous_0)
FNDA:0,(anonymous_1)
FNDA:2,(anonymous_2)
FNDA:2,(anonymous_3)
FNDA:6,(anonymous_4)
FNDA:0,(anonymous_5)
FNDA:0,(anonymous_6)
DA:8,1
DA:9,3
DA:10,3
DA:11,3
DA:12,3
DA:13,3
DA:15,3
DA:16,2
DA:17,2
DA:21,3
DA:22,2
DA:23,2
DA:30,3
DA:38,6
DA:42,0
LF:15
LH:14
BRDA:8,0,0,0
BRDA:8,1,0,3
BRDA:8,2,0,0
BRDA:16,3,0,2
BRDA:16,3,1,0
BRDA:22,4,0,2
BRDA:22,4,1,0
BRDA:34,5,0,0
BRDA:34,5,1,3
BRDA:44,6,0,3
BRDA:44,6,1,3
BRF:11
BRH:6
end_of_record
TN:
SF:src/components/molecules/Pagination/index.js
FN:10,(anonymous_0)
FN:10,(anonymous_1)
FN:19,(anonymous_2)
FN:20,(anonymous_3)
FN:32,(anonymous_4)
FN:33,(anonymous_5)
FN:49,(anonymous_6)
FN:56,(anonymous_7)
FN:57,(anonymous_8)
FN:64,(anonymous_9)
FN:65,(anonymous_10)
FN:72,(anonymous_11)
FNF:12
FNH:2
FNDA:1,(anonymous_0)
FNDA:0,(anonymous_1)
FNDA:0,(anonymous_2)
FNDA:0,(anonymous_3)
FNDA:0,(anonymous_4)
FNDA:0,(anonymous_5)
FNDA:0,(anonymous_6)
FNDA:0,(anonymous_7)
FNDA:5,(anonymous_8)
FNDA:0,(anonymous_9)
FNDA:0,(anonymous_10)
FNDA:0,(anonymous_11)
DA:10,1
DA:11,1
DA:12,1
DA:13,5
DA:16,1
DA:17,0
DA:19,0
DA:21,0
DA:32,0
DA:49,0
DA:54,1
DA:56,0
DA:58,5
DA:64,0
DA:72,0
LF:15
LH:7
BRDA:10,0,0,0
BRDA:10,1,0,0
BRDA:10,2,0,1
BRDA:16,3,0,0
BRDA:16,3,1,1
BRDA:19,4,0,0
BRDA:19,4,1,0
BRDA:26,5,0,0
BRDA:26,5,1,0
BRDA:26,5,2,0
BRDA:26,5,3,0
BRDA:26,5,4,0
BRDA:39,6,0,0
BRDA:39,6,1,0
BRDA:39,6,2,0
BRDA:39,6,3,0
BRDA:39,6,4,0
BRDA:43,7,0,0
BRDA:43,7,1,0
BRDA:43,7,2,0
BRDA:43,7,3,0
BRDA:43,7,4,0
BRDA:49,8,0,0
BRDA:49,8,1,0
BRDA:56,9,0,0
BRDA:56,9,1,0
BRDA:72,10,0,0
BRDA:72,10,1,0
BRF:28
BRH:2
end_of_record
TN:
SF:src/models/blog.js
FN:4,(anonymous_0)
FN:25,(anonymous_1)
FN:30,(anonymous_2)
FN:36,(anonymous_3)
FN:48,(anonymous_4)
FN:52,(anonymous_5)
FNF:6
FNH:4
FNDA:2,(anonymous_0)
FNDA:1,(anonymous_1)
FNDA:1,(anonymous_2)
FNDA:1,(anonymous_3)
FNDA:0,(anonymous_4)
FNDA:0,(anonymous_5)
DA:4,1
DA:5,2
DA:7,2
DA:9,2
DA:10,2
DA:14,1
DA:16,1
DA:20,1
DA:22,1
DA:25,1
DA:30,1
DA:36,1
DA:48,1
DA:52,1
LF:14
LH:14
BRF:0
BRH:0
end_of_record
TN:
SF:src/models/routing.js
FN:9,(anonymous_0)
FN:14,(anonymous_1)
FN:23,(anonymous_2)
FN:30,(anonymous_3)
FN:41,(anonymous_4)
FN:41,(anonymous_5)
FN:41,(anonymous_6)
FN:62,(anonymous_7)
FN:62,(anonymous_8)
FN:62,(anonymous_9)
FN:81,(anonymous_10)
FN:91,(anonymous_11)
FN:93,(anonymous_12)
FN:98,(anonymous_13)
FNF:14
FNH:1
FNDA:0,(anonymous_0)
FNDA:0,(anonymous_1)
FNDA:0,(anonymous_2)
FNDA:0,(anonymous_3)
FNDA:0,(anonymous_4)
FNDA:0,(anonymous_5)
FNDA:0,(anonymous_6)
FNDA:0,(anonymous_7)
FNDA:0,(anonymous_8)
FNDA:0,(anonymous_9)
FNDA:0,(anonymous_10)
FNDA:1,(anonymous_11)
FNDA:0,(anonymous_12)
FNDA:0,(anonymous_13)
DA:9,1
DA:11,1
DA:14,0
DA:23,1
DA:24,0
DA:26,0
DA:27,0
DA:28,0
DA:30,0
DA:31,0
DA:32,0
DA:36,0
DA:39,1
DA:41,0
DA:42,0
DA:43,0
DA:45,0
DA:47,0
DA:56,0
DA:60,1
DA:62,0
DA:63,0
DA:64,0
DA:66,0
DA:68,0
DA:77,0
DA:81,1
DA:82,0
DA:87,1
DA:91,1
DA:93,1
DA:98,1
LF:32
LH:10
BRDA:26,0,0,0
BRDA:26,0,1,0
BRDA:32,1,0,0
BRDA:32,1,1,0
BRDA:41,2,0,0
BRDA:41,3,0,0
BRDA:42,4,0,0
BRDA:42,5,0,0
BRDA:45,6,0,0
BRDA:45,6,1,0
BRDA:62,7,0,0
BRDA:62,8,0,0
BRDA:63,9,0,0
BRDA:63,10,0,0
BRDA:66,11,0,0
BRDA:66,11,1,0
BRF:16
BRH:0
end_of_record
TN:
SF:src/store/history.js
FNF:0
FNH:0
DA:3,1
LF:1
LH:1
BRF:0
BRH:0
end_of_record
TN:
SF:src/util/helper.js
FN:1,(anonymous_0)
FN:3,(anonymous_1)
FN:5,(anonymous_2)
FN:5,(anonymous_3)
FN:5,(anonymous_4)
FN:8,(anonymous_5)
FN:14,(anonymous_6)
FN:19,(anonymous_7)
FN:20,(anonymous_8)
FN:26,(anonymous_9)
FN:33,(anonymous_10)
FNF:11
FNH:1
FNDA:6,(anonymous_0)
FNDA:0,(anonymous_1)
FNDA:0,(anonymous_2)
FNDA:0,(anonymous_3)
FNDA:0,(anonymous_4)
FNDA:0,(anonymous_5)
FNDA:0,(anonymous_6)
FNDA:0,(anonymous_7)
FNDA:0,(anonymous_8)
FNDA:0,(anonymous_9)
FNDA:0,(anonymous_10)
DA:1,6
DA:3,3
DA:5,3
DA:8,3
DA:9,0
DA:12,3
DA:14,3
DA:19,3
DA:20,0
DA:22,0
DA:23,0
DA:26,3
DA:27,0
DA:33,3
DA:34,0
DA:35,0
DA:40,0
LF:17
LH:9
BRDA:1,0,0,6
BRDA:1,0,1,6
BRDA:1,0,2,6
BRDA:9,1,0,0
BRDA:9,1,1,0
BRDA:22,2,0,0
BRDA:22,2,1,0
BRDA:26,3,0,0
BRDA:26,4,0,0
BRDA:33,5,0,0
BRDA:33,6,0,0
BRDA:34,7,0,0
BRDA:34,7,1,0
BRDA:34,8,0,0
BRDA:34,8,1,0
BRF:15
BRH:3
end_of_record
TN:
SF:src/util/hook/index.js
FN:3,(anonymous_0)
FN:4,(anonymous_1)
FN:4,(anonymous_2)
FN:8,(anonymous_3)
FN:17,(anonymous_4)
FN:22,(anonymous_5)
FN:30,(anonymous_6)
FN:33,(anonymous_7)
FN:38,(anonymous_8)
FN:47,(anonymous_9)
FN:50,(anonymous_10)
FN:54,(anonymous_11)
FN:56,(anonymous_12)
FNF:13
FNH:3
FNDA:5,(anonymous_0)
FNDA:0,(anonymous_1)
FNDA:0,(anonymous_2)
FNDA:0,(anonymous_3)
FNDA:0,(anonymous_4)
FNDA:0,(anonymous_5)
FNDA:4,(anonymous_6)
FNDA:0,(anonymous_7)
FNDA:4,(anonymous_8)
FNDA:0,(anonymous_9)
FNDA:0,(anonymous_10)
FNDA:0,(anonymous_11)
FNDA:0,(anonymous_12)
DA:3,2
DA:4,5
DA:6,5
DA:8,5
DA:9,0
DA:10,0
DA:12,0
DA:14,0
DA:17,5
DA:18,0
DA:19,0
DA:22,5
DA:23,0
DA:24,0
DA:27,5
DA:30,2
DA:31,4
DA:33,4
DA:34,0
DA:35,0
DA:38,4
DA:39,4
DA:40,0
DA:44,4
DA:47,2
DA:48,0
DA:50,0
DA:51,0
DA:54,0
DA:55,0
DA:56,0
DA:57,0
DA:58,0
DA:63,0
LF:34
LH:14
BRDA:3,0,0,0
BRDA:4,1,0,1
BRDA:4,2,0,1
BRDA:4,3,0,0
BRDA:9,4,0,0
BRDA:9,4,1,0
BRDA:30,5,0,0
BRDA:39,6,0,0
BRDA:39,6,1,4
BRDA:47,7,0,0
BRDA:47,8,0,0
BRDA:55,9,0,0
BRDA:55,9,1,0
BRDA:55,10,0,0
BRDA:55,10,1,0
BRF:15
BRH:3
end_of_record
TN:
SF:src/util/hook/redux.js
FN:5,(anonymous_0)
FN:7,(anonymous_1)
FNF:2
FNH:0
FNDA:0,(anonymous_0)
FNDA:0,(anonymous_1)
DA:5,2
DA:7,2
DA:8,0
DA:10,0
DA:11,0
DA:13,0
DA:14,0
DA:18,0
DA:20,0
LF:9
LH:2
BRDA:7,0,0,0
BRDA:8,1,0,0
BRDA:8,1,1,0
BRDA:13,2,0,0
BRDA:13,2,1,0
BRDA:13,3,0,0
BRDA:13,3,1,0
BRDA:18,4,0,0
BRDA:18,4,1,0
BRF:9
BRH:0
end_of_record
TN:
SF:src/util/hook/useMedia.js
FN:3,(anonymous_0)
FN:20,(anonymous_1)
FN:20,(anonymous_2)
FN:26,(anonymous_3)
FN:35,(anonymous_4)
FN:45,(anonymous_5)
FN:48,(anonymous_6)
FN:49,(anonymous_7)
FN:54,(anonymous_8)
FNF:9
FNH:4
FNDA:0,(anonymous_0)
FNDA:0,(anonymous_1)
FNDA:0,(anonymous_2)
FNDA:0,(anonymous_3)
FNDA:0,(anonymous_4)
FNDA:3,(anonymous_5)
FNDA:1,(anonymous_6)
FNDA:1,(anonymous_7)
FNDA:1,(anonymous_8)
DA:3,1
DA:4,0
DA:5,0
DA:6,0
DA:8,0
DA:10,0
DA:11,0
DA:14,0
DA:15,0
DA:18,0
DA:20,0
DA:21,0
DA:22,0
DA:26,0
DA:27,0
DA:28,0
DA:29,0
DA:31,0
DA:32,0
DA:33,0
DA:35,0
DA:36,0
DA:37,0
DA:38,0
DA:42,0
DA:45,1
DA:46,3
DA:48,3
DA:49,1
DA:50,1
DA:52,1
DA:53,1
DA:54,1
DA:57,3
LF:34
LH:10
BRDA:10,0,0,0
BRDA:10,0,1,0
BRDA:14,1,0,0
BRDA:14,1,1,0
BRDA:21,2,0,0
BRDA:21,2,1,0
BRDA:21,3,0,0
BRDA:21,3,1,0
BRF:8
BRH:0
end_of_record
